<?xml version="1.0" encoding="UTF-8"?>
<testsuite xmlns:xsi="http://www.w3.org/2001/XMLSchema-instance" xsi:noNamespaceSchemaLocation="https://maven.apache.org/surefire/maven-surefire-plugin/xsd/surefire-test-report-3.0.xsd" version="3.0" name="com.nhnacademy.taskapi.image.controller.ImageControllerTest" time="0.231" tests="4" errors="0" skipped="0" failures="0">
  <properties>
    <property name="java.specification.version" value="23"/>
    <property name="sun.jnu.encoding" value="UTF-8"/>
    <property name="java.class.path" value="/Users/joo/OneBook/taskapi/Onebook-taskapi/target/test-classes:/Users/joo/OneBook/taskapi/Onebook-taskapi/target/classes:/Users/joo/.m2/repository/org/springframework/cloud/spring-cloud-starter-netflix-eureka-client/4.1.4/spring-cloud-starter-netflix-eureka-client-4.1.4.jar:/Users/joo/.m2/repository/org/springframework/cloud/spring-cloud-starter/4.1.5/spring-cloud-starter-4.1.5.jar:/Users/joo/.m2/repository/org/springframework/cloud/spring-cloud-context/4.1.5/spring-cloud-context-4.1.5.jar:/Users/joo/.m2/repository/org/springframework/security/spring-security-rsa/1.1.3/spring-security-rsa-1.1.3.jar:/Users/joo/.m2/repository/org/bouncycastle/bcprov-jdk18on/1.78/bcprov-jdk18on-1.78.jar:/Users/joo/.m2/repository/org/springframework/cloud/spring-cloud-netflix-eureka-client/4.1.4/spring-cloud-netflix-eureka-client-4.1.4.jar:/Users/joo/.m2/repository/com/netflix/eureka/eureka-client/2.0.4/eureka-client-2.0.4.jar:/Users/joo/.m2/repository/com/thoughtworks/xstream/xstream/1.4.20/xstream-1.4.20.jar:/Users/joo/.m2/repository/io/github/x-stream/mxparser/1.2.2/mxparser-1.2.2.jar:/Users/joo/.m2/repository/xmlpull/xmlpull/1.1.3.1/xmlpull-1.1.3.1.jar:/Users/joo/.m2/repository/jakarta/ws/rs/jakarta.ws.rs-api/3.1.0/jakarta.ws.rs-api-3.1.0.jar:/Users/joo/.m2/repository/jakarta/inject/jakarta.inject-api/2.0.1/jakarta.inject-api-2.0.1.jar:/Users/joo/.m2/repository/jakarta/annotation/jakarta.annotation-api/2.1.1/jakarta.annotation-api-2.1.1.jar:/Users/joo/.m2/repository/com/netflix/spectator/spectator-api/1.7.3/spectator-api-1.7.3.jar:/Users/joo/.m2/repository/org/apache/httpcomponents/httpclient/4.5.3/httpclient-4.5.3.jar:/Users/joo/.m2/repository/org/apache/httpcomponents/httpcore/4.4.16/httpcore-4.4.16.jar:/Users/joo/.m2/repository/commons-codec/commons-codec/1.16.1/commons-codec-1.16.1.jar:/Users/joo/.m2/repository/commons-configuration/commons-configuration/1.10/commons-configuration-1.10.jar:/Users/joo/.m2/repository/commons-lang/commons-lang/2.6/commons-lang-2.6.jar:/Users/joo/.m2/repository/com/fasterxml/jackson/core/jackson-annotations/2.17.1/jackson-annotations-2.17.1.jar:/Users/joo/.m2/repository/com/fasterxml/jackson/core/jackson-core/2.17.1/jackson-core-2.17.1.jar:/Users/joo/.m2/repository/com/fasterxml/jackson/core/jackson-databind/2.17.1/jackson-databind-2.17.1.jar:/Users/joo/.m2/repository/com/netflix/netflix-commons/netflix-eventbus/0.3.0/netflix-eventbus-0.3.0.jar:/Users/joo/.m2/repository/com/netflix/netflix-commons/netflix-infix/0.3.0/netflix-infix-0.3.0.jar:/Users/joo/.m2/repository/commons-jxpath/commons-jxpath/1.3/commons-jxpath-1.3.jar:/Users/joo/.m2/repository/joda-time/joda-time/2.3/joda-time-2.3.jar:/Users/joo/.m2/repository/org/antlr/antlr-runtime/3.4/antlr-runtime-3.4.jar:/Users/joo/.m2/repository/org/antlr/stringtemplate/3.2.1/stringtemplate-3.2.1.jar:/Users/joo/.m2/repository/antlr/antlr/2.7.7/antlr-2.7.7.jar:/Users/joo/.m2/repository/com/netflix/servo/servo-core/0.5.3/servo-core-0.5.3.jar:/Users/joo/.m2/repository/org/apache/commons/commons-math/2.2/commons-math-2.2.jar:/Users/joo/.m2/repository/javax/annotation/javax.annotation-api/1.2/javax.annotation-api-1.2.jar:/Users/joo/.m2/repository/org/codehaus/jettison/jettison/1.5.4/jettison-1.5.4.jar:/Users/joo/.m2/repository/com/netflix/eureka/eureka-core/2.0.4/eureka-core-2.0.4.jar:/Users/joo/.m2/repository/com/fasterxml/woodstox/woodstox-core/6.4.0/woodstox-core-6.4.0.jar:/Users/joo/.m2/repository/org/codehaus/woodstox/stax2-api/4.2.1/stax2-api-4.2.1.jar:/Users/joo/.m2/repository/com/google/guava/guava/33.0.0-jre/guava-33.0.0-jre.jar:/Users/joo/.m2/repository/com/google/guava/failureaccess/1.0.2/failureaccess-1.0.2.jar:/Users/joo/.m2/repository/com/google/guava/listenablefuture/9999.0-empty-to-avoid-conflict-with-guava/listenablefuture-9999.0-empty-to-avoid-conflict-with-guava.jar:/Users/joo/.m2/repository/org/checkerframework/checker-qual/3.41.0/checker-qual-3.41.0.jar:/Users/joo/.m2/repository/com/google/errorprone/error_prone_annotations/2.23.0/error_prone_annotations-2.23.0.jar:/Users/joo/.m2/repository/com/google/j2objc/j2objc-annotations/2.8/j2objc-annotations-2.8.jar:/Users/joo/.m2/repository/org/springframework/cloud/spring-cloud-starter-loadbalancer/4.1.5/spring-cloud-starter-loadbalancer-4.1.5.jar:/Users/joo/.m2/repository/org/springframework/cloud/spring-cloud-loadbalancer/4.1.5/spring-cloud-loadbalancer-4.1.5.jar:/Users/joo/.m2/repository/io/projectreactor/reactor-core/3.6.6/reactor-core-3.6.6.jar:/Users/joo/.m2/repository/org/reactivestreams/reactive-streams/1.0.4/reactive-streams-1.0.4.jar:/Users/joo/.m2/repository/io/projectreactor/addons/reactor-extra/3.5.1/reactor-extra-3.5.1.jar:/Users/joo/.m2/repository/org/springframework/boot/spring-boot-starter-cache/3.3.0/spring-boot-starter-cache-3.3.0.jar:/Users/joo/.m2/repository/org/springframework/spring-context-support/6.1.8/spring-context-support-6.1.8.jar:/Users/joo/.m2/repository/com/stoyanr/evictor/1.0.0/evictor-1.0.0.jar:/Users/joo/.m2/repository/org/projectlombok/lombok/1.18.32/lombok-1.18.32.jar:/Users/joo/.m2/repository/org/springframework/boot/spring-boot-starter-test/3.3.0/spring-boot-starter-test-3.3.0.jar:/Users/joo/.m2/repository/org/springframework/boot/spring-boot-starter/3.3.0/spring-boot-starter-3.3.0.jar:/Users/joo/.m2/repository/org/springframework/boot/spring-boot/3.3.0/spring-boot-3.3.0.jar:/Users/joo/.m2/repository/org/springframework/boot/spring-boot-autoconfigure/3.3.0/spring-boot-autoconfigure-3.3.0.jar:/Users/joo/.m2/repository/org/springframework/boot/spring-boot-starter-logging/3.3.0/spring-boot-starter-logging-3.3.0.jar:/Users/joo/.m2/repository/ch/qos/logback/logback-classic/1.5.6/logback-classic-1.5.6.jar:/Users/joo/.m2/repository/ch/qos/logback/logback-core/1.5.6/logback-core-1.5.6.jar:/Users/joo/.m2/repository/org/apache/logging/log4j/log4j-to-slf4j/2.23.1/log4j-to-slf4j-2.23.1.jar:/Users/joo/.m2/repository/org/apache/logging/log4j/log4j-api/2.23.1/log4j-api-2.23.1.jar:/Users/joo/.m2/repository/org/slf4j/jul-to-slf4j/2.0.13/jul-to-slf4j-2.0.13.jar:/Users/joo/.m2/repository/org/yaml/snakeyaml/2.2/snakeyaml-2.2.jar:/Users/joo/.m2/repository/org/springframework/boot/spring-boot-test/3.3.0/spring-boot-test-3.3.0.jar:/Users/joo/.m2/repository/org/springframework/boot/spring-boot-test-autoconfigure/3.3.0/spring-boot-test-autoconfigure-3.3.0.jar:/Users/joo/.m2/repository/com/jayway/jsonpath/json-path/2.9.0/json-path-2.9.0.jar:/Users/joo/.m2/repository/jakarta/xml/bind/jakarta.xml.bind-api/4.0.2/jakarta.xml.bind-api-4.0.2.jar:/Users/joo/.m2/repository/jakarta/activation/jakarta.activation-api/2.1.3/jakarta.activation-api-2.1.3.jar:/Users/joo/.m2/repository/net/minidev/json-smart/2.5.1/json-smart-2.5.1.jar:/Users/joo/.m2/repository/net/minidev/accessors-smart/2.5.1/accessors-smart-2.5.1.jar:/Users/joo/.m2/repository/org/ow2/asm/asm/9.6/asm-9.6.jar:/Users/joo/.m2/repository/org/assertj/assertj-core/3.25.3/assertj-core-3.25.3.jar:/Users/joo/.m2/repository/net/bytebuddy/byte-buddy/1.14.16/byte-buddy-1.14.16.jar:/Users/joo/.m2/repository/org/awaitility/awaitility/4.2.1/awaitility-4.2.1.jar:/Users/joo/.m2/repository/org/hamcrest/hamcrest/2.2/hamcrest-2.2.jar:/Users/joo/.m2/repository/org/junit/jupiter/junit-jupiter/5.10.2/junit-jupiter-5.10.2.jar:/Users/joo/.m2/repository/org/junit/jupiter/junit-jupiter-api/5.10.2/junit-jupiter-api-5.10.2.jar:/Users/joo/.m2/repository/org/opentest4j/opentest4j/1.3.0/opentest4j-1.3.0.jar:/Users/joo/.m2/repository/org/junit/platform/junit-platform-commons/1.10.2/junit-platform-commons-1.10.2.jar:/Users/joo/.m2/repository/org/apiguardian/apiguardian-api/1.1.2/apiguardian-api-1.1.2.jar:/Users/joo/.m2/repository/org/junit/jupiter/junit-jupiter-params/5.10.2/junit-jupiter-params-5.10.2.jar:/Users/joo/.m2/repository/org/junit/jupiter/junit-jupiter-engine/5.10.2/junit-jupiter-engine-5.10.2.jar:/Users/joo/.m2/repository/org/junit/platform/junit-platform-engine/1.10.2/junit-platform-engine-1.10.2.jar:/Users/joo/.m2/repository/org/mockito/mockito-core/5.11.0/mockito-core-5.11.0.jar:/Users/joo/.m2/repository/net/bytebuddy/byte-buddy-agent/1.14.16/byte-buddy-agent-1.14.16.jar:/Users/joo/.m2/repository/org/objenesis/objenesis/3.3/objenesis-3.3.jar:/Users/joo/.m2/repository/org/mockito/mockito-junit-jupiter/5.11.0/mockito-junit-jupiter-5.11.0.jar:/Users/joo/.m2/repository/org/skyscreamer/jsonassert/1.5.1/jsonassert-1.5.1.jar:/Users/joo/.m2/repository/com/vaadin/external/google/android-json/0.0.20131108.vaadin1/android-json-0.0.20131108.vaadin1.jar:/Users/joo/.m2/repository/org/springframework/spring-core/6.1.8/spring-core-6.1.8.jar:/Users/joo/.m2/repository/org/springframework/spring-jcl/6.1.8/spring-jcl-6.1.8.jar:/Users/joo/.m2/repository/org/springframework/spring-test/6.1.8/spring-test-6.1.8.jar:/Users/joo/.m2/repository/org/xmlunit/xmlunit-core/2.9.1/xmlunit-core-2.9.1.jar:/Users/joo/.m2/repository/org/springframework/boot/spring-boot-starter-web/3.3.0/spring-boot-starter-web-3.3.0.jar:/Users/joo/.m2/repository/org/springframework/boot/spring-boot-starter-json/3.3.0/spring-boot-starter-json-3.3.0.jar:/Users/joo/.m2/repository/com/fasterxml/jackson/datatype/jackson-datatype-jdk8/2.17.1/jackson-datatype-jdk8-2.17.1.jar:/Users/joo/.m2/repository/com/fasterxml/jackson/datatype/jackson-datatype-jsr310/2.17.1/jackson-datatype-jsr310-2.17.1.jar:/Users/joo/.m2/repository/com/fasterxml/jackson/module/jackson-module-parameter-names/2.17.1/jackson-module-parameter-names-2.17.1.jar:/Users/joo/.m2/repository/org/springframework/boot/spring-boot-starter-tomcat/3.3.0/spring-boot-starter-tomcat-3.3.0.jar:/Users/joo/.m2/repository/org/apache/tomcat/embed/tomcat-embed-core/10.1.24/tomcat-embed-core-10.1.24.jar:/Users/joo/.m2/repository/org/apache/tomcat/embed/tomcat-embed-websocket/10.1.24/tomcat-embed-websocket-10.1.24.jar:/Users/joo/.m2/repository/org/springframework/spring-web/6.1.8/spring-web-6.1.8.jar:/Users/joo/.m2/repository/org/springframework/spring-beans/6.1.8/spring-beans-6.1.8.jar:/Users/joo/.m2/repository/org/springframework/spring-webmvc/6.1.8/spring-webmvc-6.1.8.jar:/Users/joo/.m2/repository/org/springframework/spring-aop/6.1.8/spring-aop-6.1.8.jar:/Users/joo/.m2/repository/org/springframework/spring-context/6.1.8/spring-context-6.1.8.jar:/Users/joo/.m2/repository/org/springframework/spring-expression/6.1.8/spring-expression-6.1.8.jar:/Users/joo/.m2/repository/org/springframework/cloud/spring-cloud-starter-openfeign/4.1.4/spring-cloud-starter-openfeign-4.1.4.jar:/Users/joo/.m2/repository/org/springframework/cloud/spring-cloud-openfeign-core/4.1.4/spring-cloud-openfeign-core-4.1.4.jar:/Users/joo/.m2/repository/io/github/openfeign/feign-form-spring/13.5/feign-form-spring-13.5.jar:/Users/joo/.m2/repository/io/github/openfeign/feign-form/13.5/feign-form-13.5.jar:/Users/joo/.m2/repository/commons-fileupload/commons-fileupload/1.5/commons-fileupload-1.5.jar:/Users/joo/.m2/repository/commons-io/commons-io/2.11.0/commons-io-2.11.0.jar:/Users/joo/.m2/repository/org/springframework/cloud/spring-cloud-commons/4.1.5/spring-cloud-commons-4.1.5.jar:/Users/joo/.m2/repository/org/springframework/security/spring-security-crypto/6.3.0/spring-security-crypto-6.3.0.jar:/Users/joo/.m2/repository/io/github/openfeign/feign-core/13.5/feign-core-13.5.jar:/Users/joo/.m2/repository/io/github/openfeign/feign-slf4j/13.5/feign-slf4j-13.5.jar:/Users/joo/.m2/repository/org/springframework/boot/spring-boot-starter-data-jpa/3.3.0/spring-boot-starter-data-jpa-3.3.0.jar:/Users/joo/.m2/repository/org/springframework/boot/spring-boot-starter-aop/3.3.0/spring-boot-starter-aop-3.3.0.jar:/Users/joo/.m2/repository/org/aspectj/aspectjweaver/1.9.22/aspectjweaver-1.9.22.jar:/Users/joo/.m2/repository/org/hibernate/orm/hibernate-core/6.5.2.Final/hibernate-core-6.5.2.Final.jar:/Users/joo/.m2/repository/jakarta/persistence/jakarta.persistence-api/3.1.0/jakarta.persistence-api-3.1.0.jar:/Users/joo/.m2/repository/org/jboss/logging/jboss-logging/3.5.3.Final/jboss-logging-3.5.3.Final.jar:/Users/joo/.m2/repository/org/hibernate/common/hibernate-commons-annotations/6.0.6.Final/hibernate-commons-annotations-6.0.6.Final.jar:/Users/joo/.m2/repository/io/smallrye/jandex/3.1.2/jandex-3.1.2.jar:/Users/joo/.m2/repository/com/fasterxml/classmate/1.7.0/classmate-1.7.0.jar:/Users/joo/.m2/repository/org/glassfish/jaxb/jaxb-runtime/4.0.5/jaxb-runtime-4.0.5.jar:/Users/joo/.m2/repository/org/glassfish/jaxb/jaxb-core/4.0.5/jaxb-core-4.0.5.jar:/Users/joo/.m2/repository/org/eclipse/angus/angus-activation/2.0.2/angus-activation-2.0.2.jar:/Users/joo/.m2/repository/org/glassfish/jaxb/txw2/4.0.5/txw2-4.0.5.jar:/Users/joo/.m2/repository/com/sun/istack/istack-commons-runtime/4.1.2/istack-commons-runtime-4.1.2.jar:/Users/joo/.m2/repository/org/antlr/antlr4-runtime/4.13.0/antlr4-runtime-4.13.0.jar:/Users/joo/.m2/repository/org/springframework/data/spring-data-jpa/3.3.0/spring-data-jpa-3.3.0.jar:/Users/joo/.m2/repository/org/springframework/data/spring-data-commons/3.3.0/spring-data-commons-3.3.0.jar:/Users/joo/.m2/repository/org/springframework/spring-orm/6.1.8/spring-orm-6.1.8.jar:/Users/joo/.m2/repository/org/springframework/spring-tx/6.1.8/spring-tx-6.1.8.jar:/Users/joo/.m2/repository/org/springframework/spring-aspects/6.1.8/spring-aspects-6.1.8.jar:/Users/joo/.m2/repository/org/springframework/boot/spring-boot-starter-validation/3.3.0/spring-boot-starter-validation-3.3.0.jar:/Users/joo/.m2/repository/org/apache/tomcat/embed/tomcat-embed-el/10.1.24/tomcat-embed-el-10.1.24.jar:/Users/joo/.m2/repository/org/hibernate/validator/hibernate-validator/8.0.1.Final/hibernate-validator-8.0.1.Final.jar:/Users/joo/.m2/repository/jakarta/validation/jakarta.validation-api/3.0.2/jakarta.validation-api-3.0.2.jar:/Users/joo/.m2/repository/org/springframework/boot/spring-boot-starter-thymeleaf/3.3.0/spring-boot-starter-thymeleaf-3.3.0.jar:/Users/joo/.m2/repository/org/thymeleaf/thymeleaf-spring6/3.1.2.RELEASE/thymeleaf-spring6-3.1.2.RELEASE.jar:/Users/joo/.m2/repository/org/thymeleaf/thymeleaf/3.1.2.RELEASE/thymeleaf-3.1.2.RELEASE.jar:/Users/joo/.m2/repository/org/attoparser/attoparser/2.0.7.RELEASE/attoparser-2.0.7.RELEASE.jar:/Users/joo/.m2/repository/org/unbescape/unbescape/1.1.6.RELEASE/unbescape-1.1.6.RELEASE.jar:/Users/joo/.m2/repository/io/hypersistence/hypersistence-utils-hibernate-60/3.9.0/hypersistence-utils-hibernate-60-3.9.0.jar:/Users/joo/.m2/repository/javax/xml/bind/jaxb-api/2.3.0/jaxb-api-2.3.0.jar:/Users/joo/.m2/repository/io/hypersistence/hypersistence-tsid/2.1.1/hypersistence-tsid-2.1.1.jar:/Users/joo/.m2/repository/org/mindrot/jbcrypt/0.4/jbcrypt-0.4.jar:/Users/joo/.m2/repository/com/mysql/mysql-connector-j/8.3.0/mysql-connector-j-8.3.0.jar:/Users/joo/.m2/repository/org/apache/commons/commons-dbcp2/2.13.0/commons-dbcp2-2.13.0.jar:/Users/joo/.m2/repository/org/apache/commons/commons-pool2/2.12.0/commons-pool2-2.12.0.jar:/Users/joo/.m2/repository/jakarta/transaction/jakarta.transaction-api/2.0.1/jakarta.transaction-api-2.0.1.jar:/Users/joo/.m2/repository/com/h2database/h2/2.2.224/h2-2.2.224.jar:/Users/joo/.m2/repository/org/springframework/boot/spring-boot-starter-jdbc/3.3.0/spring-boot-starter-jdbc-3.3.0.jar:/Users/joo/.m2/repository/org/springframework/spring-jdbc/6.1.8/spring-jdbc-6.1.8.jar:/Users/joo/.m2/repository/com/google/code/gson/gson/2.10.1/gson-2.10.1.jar:/Users/joo/.m2/repository/org/apache/httpcomponents/client5/httpclient5/5.3.1/httpclient5-5.3.1.jar:/Users/joo/.m2/repository/org/apache/httpcomponents/core5/httpcore5/5.2.4/httpcore5-5.2.4.jar:/Users/joo/.m2/repository/org/apache/httpcomponents/core5/httpcore5-h2/5.2.4/httpcore5-h2-5.2.4.jar:/Users/joo/.m2/repository/org/slf4j/slf4j-api/2.0.13/slf4j-api-2.0.13.jar:/Users/joo/.m2/repository/com/querydsl/querydsl-jpa/5.0.0/querydsl-jpa-5.0.0-jakarta.jar:/Users/joo/.m2/repository/com/querydsl/querydsl-core/5.1.0/querydsl-core-5.1.0.jar:/Users/joo/.m2/repository/com/mysema/commons/mysema-commons-lang/0.2.4/mysema-commons-lang-0.2.4.jar:/Users/joo/.m2/repository/com/querydsl/querydsl-apt/5.0.0/querydsl-apt-5.0.0-jakarta.jar:/Users/joo/.m2/repository/com/querydsl/querydsl-codegen/5.1.0/querydsl-codegen-5.1.0.jar:/Users/joo/.m2/repository/com/querydsl/codegen-utils/5.1.0/codegen-utils-5.1.0.jar:/Users/joo/.m2/repository/org/eclipse/jdt/ecj/3.26.0/ecj-3.26.0.jar:/Users/joo/.m2/repository/javax/inject/javax.inject/1/javax.inject-1.jar:/Users/joo/.m2/repository/io/github/classgraph/classgraph/4.8.146/classgraph-4.8.146.jar:/Users/joo/.m2/repository/org/springframework/boot/spring-boot-starter-actuator/3.3.0/spring-boot-starter-actuator-3.3.0.jar:/Users/joo/.m2/repository/org/springframework/boot/spring-boot-actuator-autoconfigure/3.3.0/spring-boot-actuator-autoconfigure-3.3.0.jar:/Users/joo/.m2/repository/org/springframework/boot/spring-boot-actuator/3.3.0/spring-boot-actuator-3.3.0.jar:/Users/joo/.m2/repository/io/micrometer/micrometer-observation/1.13.0/micrometer-observation-1.13.0.jar:/Users/joo/.m2/repository/io/micrometer/micrometer-commons/1.13.0/micrometer-commons-1.13.0.jar:/Users/joo/.m2/repository/io/micrometer/micrometer-jakarta9/1.13.0/micrometer-jakarta9-1.13.0.jar:/Users/joo/.m2/repository/io/micrometer/micrometer-core/1.13.0/micrometer-core-1.13.0.jar:/Users/joo/.m2/repository/org/hdrhistogram/HdrHistogram/2.2.1/HdrHistogram-2.2.1.jar:/Users/joo/.m2/repository/org/latencyutils/LatencyUtils/2.0.3/LatencyUtils-2.0.3.jar:/Users/joo/.m2/repository/org/springdoc/springdoc-openapi-starter-webmvc-ui/2.4.0/springdoc-openapi-starter-webmvc-ui-2.4.0.jar:/Users/joo/.m2/repository/org/springdoc/springdoc-openapi-starter-webmvc-api/2.4.0/springdoc-openapi-starter-webmvc-api-2.4.0.jar:/Users/joo/.m2/repository/org/springdoc/springdoc-openapi-starter-common/2.4.0/springdoc-openapi-starter-common-2.4.0.jar:/Users/joo/.m2/repository/io/swagger/core/v3/swagger-core-jakarta/2.2.20/swagger-core-jakarta-2.2.20.jar:/Users/joo/.m2/repository/org/apache/commons/commons-lang3/3.14.0/commons-lang3-3.14.0.jar:/Users/joo/.m2/repository/io/swagger/core/v3/swagger-annotations-jakarta/2.2.20/swagger-annotations-jakarta-2.2.20.jar:/Users/joo/.m2/repository/io/swagger/core/v3/swagger-models-jakarta/2.2.20/swagger-models-jakarta-2.2.20.jar:/Users/joo/.m2/repository/com/fasterxml/jackson/dataformat/jackson-dataformat-yaml/2.17.1/jackson-dataformat-yaml-2.17.1.jar:/Users/joo/.m2/repository/org/webjars/swagger-ui/5.11.8/swagger-ui-5.11.8.jar:"/>
    <property name="java.vm.vendor" value="Homebrew"/>
    <property name="sun.arch.data.model" value="64"/>
    <property name="java.vendor.url" value="https://github.com/Homebrew/homebrew-core/issues"/>
    <property name="user.timezone" value="Asia/Seoul"/>
    <property name="org.jboss.logging.provider" value="slf4j"/>
    <property name="os.name" value="Mac OS X"/>
    <property name="java.vm.specification.version" value="23"/>
    <property name="sun.java.launcher" value="SUN_STANDARD"/>
    <property name="user.country" value="KR"/>
    <property name="sun.boot.library.path" value="/opt/homebrew/Cellar/openjdk/23.0.2/libexec/openjdk.jdk/Contents/Home/lib"/>
    <property name="sun.java.command" value="/Users/joo/OneBook/taskapi/Onebook-taskapi/target/surefire/surefirebooter-20250323202611679_3.jar /Users/joo/OneBook/taskapi/Onebook-taskapi/target/surefire 2025-03-23T20-26-11_642-jvmRun1 surefire-20250323202611679_1tmp surefire_0-20250323202611679_2tmp"/>
    <property name="http.nonProxyHosts" value="local|*.local|169.254/16|*.169.254/16"/>
    <property name="jdk.debug" value="release"/>
    <property name="surefire.test.class.path" value="/Users/joo/OneBook/taskapi/Onebook-taskapi/target/test-classes:/Users/joo/OneBook/taskapi/Onebook-taskapi/target/classes:/Users/joo/.m2/repository/org/springframework/cloud/spring-cloud-starter-netflix-eureka-client/4.1.4/spring-cloud-starter-netflix-eureka-client-4.1.4.jar:/Users/joo/.m2/repository/org/springframework/cloud/spring-cloud-starter/4.1.5/spring-cloud-starter-4.1.5.jar:/Users/joo/.m2/repository/org/springframework/cloud/spring-cloud-context/4.1.5/spring-cloud-context-4.1.5.jar:/Users/joo/.m2/repository/org/springframework/security/spring-security-rsa/1.1.3/spring-security-rsa-1.1.3.jar:/Users/joo/.m2/repository/org/bouncycastle/bcprov-jdk18on/1.78/bcprov-jdk18on-1.78.jar:/Users/joo/.m2/repository/org/springframework/cloud/spring-cloud-netflix-eureka-client/4.1.4/spring-cloud-netflix-eureka-client-4.1.4.jar:/Users/joo/.m2/repository/com/netflix/eureka/eureka-client/2.0.4/eureka-client-2.0.4.jar:/Users/joo/.m2/repository/com/thoughtworks/xstream/xstream/1.4.20/xstream-1.4.20.jar:/Users/joo/.m2/repository/io/github/x-stream/mxparser/1.2.2/mxparser-1.2.2.jar:/Users/joo/.m2/repository/xmlpull/xmlpull/1.1.3.1/xmlpull-1.1.3.1.jar:/Users/joo/.m2/repository/jakarta/ws/rs/jakarta.ws.rs-api/3.1.0/jakarta.ws.rs-api-3.1.0.jar:/Users/joo/.m2/repository/jakarta/inject/jakarta.inject-api/2.0.1/jakarta.inject-api-2.0.1.jar:/Users/joo/.m2/repository/jakarta/annotation/jakarta.annotation-api/2.1.1/jakarta.annotation-api-2.1.1.jar:/Users/joo/.m2/repository/com/netflix/spectator/spectator-api/1.7.3/spectator-api-1.7.3.jar:/Users/joo/.m2/repository/org/apache/httpcomponents/httpclient/4.5.3/httpclient-4.5.3.jar:/Users/joo/.m2/repository/org/apache/httpcomponents/httpcore/4.4.16/httpcore-4.4.16.jar:/Users/joo/.m2/repository/commons-codec/commons-codec/1.16.1/commons-codec-1.16.1.jar:/Users/joo/.m2/repository/commons-configuration/commons-configuration/1.10/commons-configuration-1.10.jar:/Users/joo/.m2/repository/commons-lang/commons-lang/2.6/commons-lang-2.6.jar:/Users/joo/.m2/repository/com/fasterxml/jackson/core/jackson-annotations/2.17.1/jackson-annotations-2.17.1.jar:/Users/joo/.m2/repository/com/fasterxml/jackson/core/jackson-core/2.17.1/jackson-core-2.17.1.jar:/Users/joo/.m2/repository/com/fasterxml/jackson/core/jackson-databind/2.17.1/jackson-databind-2.17.1.jar:/Users/joo/.m2/repository/com/netflix/netflix-commons/netflix-eventbus/0.3.0/netflix-eventbus-0.3.0.jar:/Users/joo/.m2/repository/com/netflix/netflix-commons/netflix-infix/0.3.0/netflix-infix-0.3.0.jar:/Users/joo/.m2/repository/commons-jxpath/commons-jxpath/1.3/commons-jxpath-1.3.jar:/Users/joo/.m2/repository/joda-time/joda-time/2.3/joda-time-2.3.jar:/Users/joo/.m2/repository/org/antlr/antlr-runtime/3.4/antlr-runtime-3.4.jar:/Users/joo/.m2/repository/org/antlr/stringtemplate/3.2.1/stringtemplate-3.2.1.jar:/Users/joo/.m2/repository/antlr/antlr/2.7.7/antlr-2.7.7.jar:/Users/joo/.m2/repository/com/netflix/servo/servo-core/0.5.3/servo-core-0.5.3.jar:/Users/joo/.m2/repository/org/apache/commons/commons-math/2.2/commons-math-2.2.jar:/Users/joo/.m2/repository/javax/annotation/javax.annotation-api/1.2/javax.annotation-api-1.2.jar:/Users/joo/.m2/repository/org/codehaus/jettison/jettison/1.5.4/jettison-1.5.4.jar:/Users/joo/.m2/repository/com/netflix/eureka/eureka-core/2.0.4/eureka-core-2.0.4.jar:/Users/joo/.m2/repository/com/fasterxml/woodstox/woodstox-core/6.4.0/woodstox-core-6.4.0.jar:/Users/joo/.m2/repository/org/codehaus/woodstox/stax2-api/4.2.1/stax2-api-4.2.1.jar:/Users/joo/.m2/repository/com/google/guava/guava/33.0.0-jre/guava-33.0.0-jre.jar:/Users/joo/.m2/repository/com/google/guava/failureaccess/1.0.2/failureaccess-1.0.2.jar:/Users/joo/.m2/repository/com/google/guava/listenablefuture/9999.0-empty-to-avoid-conflict-with-guava/listenablefuture-9999.0-empty-to-avoid-conflict-with-guava.jar:/Users/joo/.m2/repository/org/checkerframework/checker-qual/3.41.0/checker-qual-3.41.0.jar:/Users/joo/.m2/repository/com/google/errorprone/error_prone_annotations/2.23.0/error_prone_annotations-2.23.0.jar:/Users/joo/.m2/repository/com/google/j2objc/j2objc-annotations/2.8/j2objc-annotations-2.8.jar:/Users/joo/.m2/repository/org/springframework/cloud/spring-cloud-starter-loadbalancer/4.1.5/spring-cloud-starter-loadbalancer-4.1.5.jar:/Users/joo/.m2/repository/org/springframework/cloud/spring-cloud-loadbalancer/4.1.5/spring-cloud-loadbalancer-4.1.5.jar:/Users/joo/.m2/repository/io/projectreactor/reactor-core/3.6.6/reactor-core-3.6.6.jar:/Users/joo/.m2/repository/org/reactivestreams/reactive-streams/1.0.4/reactive-streams-1.0.4.jar:/Users/joo/.m2/repository/io/projectreactor/addons/reactor-extra/3.5.1/reactor-extra-3.5.1.jar:/Users/joo/.m2/repository/org/springframework/boot/spring-boot-starter-cache/3.3.0/spring-boot-starter-cache-3.3.0.jar:/Users/joo/.m2/repository/org/springframework/spring-context-support/6.1.8/spring-context-support-6.1.8.jar:/Users/joo/.m2/repository/com/stoyanr/evictor/1.0.0/evictor-1.0.0.jar:/Users/joo/.m2/repository/org/projectlombok/lombok/1.18.32/lombok-1.18.32.jar:/Users/joo/.m2/repository/org/springframework/boot/spring-boot-starter-test/3.3.0/spring-boot-starter-test-3.3.0.jar:/Users/joo/.m2/repository/org/springframework/boot/spring-boot-starter/3.3.0/spring-boot-starter-3.3.0.jar:/Users/joo/.m2/repository/org/springframework/boot/spring-boot/3.3.0/spring-boot-3.3.0.jar:/Users/joo/.m2/repository/org/springframework/boot/spring-boot-autoconfigure/3.3.0/spring-boot-autoconfigure-3.3.0.jar:/Users/joo/.m2/repository/org/springframework/boot/spring-boot-starter-logging/3.3.0/spring-boot-starter-logging-3.3.0.jar:/Users/joo/.m2/repository/ch/qos/logback/logback-classic/1.5.6/logback-classic-1.5.6.jar:/Users/joo/.m2/repository/ch/qos/logback/logback-core/1.5.6/logback-core-1.5.6.jar:/Users/joo/.m2/repository/org/apache/logging/log4j/log4j-to-slf4j/2.23.1/log4j-to-slf4j-2.23.1.jar:/Users/joo/.m2/repository/org/apache/logging/log4j/log4j-api/2.23.1/log4j-api-2.23.1.jar:/Users/joo/.m2/repository/org/slf4j/jul-to-slf4j/2.0.13/jul-to-slf4j-2.0.13.jar:/Users/joo/.m2/repository/org/yaml/snakeyaml/2.2/snakeyaml-2.2.jar:/Users/joo/.m2/repository/org/springframework/boot/spring-boot-test/3.3.0/spring-boot-test-3.3.0.jar:/Users/joo/.m2/repository/org/springframework/boot/spring-boot-test-autoconfigure/3.3.0/spring-boot-test-autoconfigure-3.3.0.jar:/Users/joo/.m2/repository/com/jayway/jsonpath/json-path/2.9.0/json-path-2.9.0.jar:/Users/joo/.m2/repository/jakarta/xml/bind/jakarta.xml.bind-api/4.0.2/jakarta.xml.bind-api-4.0.2.jar:/Users/joo/.m2/repository/jakarta/activation/jakarta.activation-api/2.1.3/jakarta.activation-api-2.1.3.jar:/Users/joo/.m2/repository/net/minidev/json-smart/2.5.1/json-smart-2.5.1.jar:/Users/joo/.m2/repository/net/minidev/accessors-smart/2.5.1/accessors-smart-2.5.1.jar:/Users/joo/.m2/repository/org/ow2/asm/asm/9.6/asm-9.6.jar:/Users/joo/.m2/repository/org/assertj/assertj-core/3.25.3/assertj-core-3.25.3.jar:/Users/joo/.m2/repository/net/bytebuddy/byte-buddy/1.14.16/byte-buddy-1.14.16.jar:/Users/joo/.m2/repository/org/awaitility/awaitility/4.2.1/awaitility-4.2.1.jar:/Users/joo/.m2/repository/org/hamcrest/hamcrest/2.2/hamcrest-2.2.jar:/Users/joo/.m2/repository/org/junit/jupiter/junit-jupiter/5.10.2/junit-jupiter-5.10.2.jar:/Users/joo/.m2/repository/org/junit/jupiter/junit-jupiter-api/5.10.2/junit-jupiter-api-5.10.2.jar:/Users/joo/.m2/repository/org/opentest4j/opentest4j/1.3.0/opentest4j-1.3.0.jar:/Users/joo/.m2/repository/org/junit/platform/junit-platform-commons/1.10.2/junit-platform-commons-1.10.2.jar:/Users/joo/.m2/repository/org/apiguardian/apiguardian-api/1.1.2/apiguardian-api-1.1.2.jar:/Users/joo/.m2/repository/org/junit/jupiter/junit-jupiter-params/5.10.2/junit-jupiter-params-5.10.2.jar:/Users/joo/.m2/repository/org/junit/jupiter/junit-jupiter-engine/5.10.2/junit-jupiter-engine-5.10.2.jar:/Users/joo/.m2/repository/org/junit/platform/junit-platform-engine/1.10.2/junit-platform-engine-1.10.2.jar:/Users/joo/.m2/repository/org/mockito/mockito-core/5.11.0/mockito-core-5.11.0.jar:/Users/joo/.m2/repository/net/bytebuddy/byte-buddy-agent/1.14.16/byte-buddy-agent-1.14.16.jar:/Users/joo/.m2/repository/org/objenesis/objenesis/3.3/objenesis-3.3.jar:/Users/joo/.m2/repository/org/mockito/mockito-junit-jupiter/5.11.0/mockito-junit-jupiter-5.11.0.jar:/Users/joo/.m2/repository/org/skyscreamer/jsonassert/1.5.1/jsonassert-1.5.1.jar:/Users/joo/.m2/repository/com/vaadin/external/google/android-json/0.0.20131108.vaadin1/android-json-0.0.20131108.vaadin1.jar:/Users/joo/.m2/repository/org/springframework/spring-core/6.1.8/spring-core-6.1.8.jar:/Users/joo/.m2/repository/org/springframework/spring-jcl/6.1.8/spring-jcl-6.1.8.jar:/Users/joo/.m2/repository/org/springframework/spring-test/6.1.8/spring-test-6.1.8.jar:/Users/joo/.m2/repository/org/xmlunit/xmlunit-core/2.9.1/xmlunit-core-2.9.1.jar:/Users/joo/.m2/repository/org/springframework/boot/spring-boot-starter-web/3.3.0/spring-boot-starter-web-3.3.0.jar:/Users/joo/.m2/repository/org/springframework/boot/spring-boot-starter-json/3.3.0/spring-boot-starter-json-3.3.0.jar:/Users/joo/.m2/repository/com/fasterxml/jackson/datatype/jackson-datatype-jdk8/2.17.1/jackson-datatype-jdk8-2.17.1.jar:/Users/joo/.m2/repository/com/fasterxml/jackson/datatype/jackson-datatype-jsr310/2.17.1/jackson-datatype-jsr310-2.17.1.jar:/Users/joo/.m2/repository/com/fasterxml/jackson/module/jackson-module-parameter-names/2.17.1/jackson-module-parameter-names-2.17.1.jar:/Users/joo/.m2/repository/org/springframework/boot/spring-boot-starter-tomcat/3.3.0/spring-boot-starter-tomcat-3.3.0.jar:/Users/joo/.m2/repository/org/apache/tomcat/embed/tomcat-embed-core/10.1.24/tomcat-embed-core-10.1.24.jar:/Users/joo/.m2/repository/org/apache/tomcat/embed/tomcat-embed-websocket/10.1.24/tomcat-embed-websocket-10.1.24.jar:/Users/joo/.m2/repository/org/springframework/spring-web/6.1.8/spring-web-6.1.8.jar:/Users/joo/.m2/repository/org/springframework/spring-beans/6.1.8/spring-beans-6.1.8.jar:/Users/joo/.m2/repository/org/springframework/spring-webmvc/6.1.8/spring-webmvc-6.1.8.jar:/Users/joo/.m2/repository/org/springframework/spring-aop/6.1.8/spring-aop-6.1.8.jar:/Users/joo/.m2/repository/org/springframework/spring-context/6.1.8/spring-context-6.1.8.jar:/Users/joo/.m2/repository/org/springframework/spring-expression/6.1.8/spring-expression-6.1.8.jar:/Users/joo/.m2/repository/org/springframework/cloud/spring-cloud-starter-openfeign/4.1.4/spring-cloud-starter-openfeign-4.1.4.jar:/Users/joo/.m2/repository/org/springframework/cloud/spring-cloud-openfeign-core/4.1.4/spring-cloud-openfeign-core-4.1.4.jar:/Users/joo/.m2/repository/io/github/openfeign/feign-form-spring/13.5/feign-form-spring-13.5.jar:/Users/joo/.m2/repository/io/github/openfeign/feign-form/13.5/feign-form-13.5.jar:/Users/joo/.m2/repository/commons-fileupload/commons-fileupload/1.5/commons-fileupload-1.5.jar:/Users/joo/.m2/repository/commons-io/commons-io/2.11.0/commons-io-2.11.0.jar:/Users/joo/.m2/repository/org/springframework/cloud/spring-cloud-commons/4.1.5/spring-cloud-commons-4.1.5.jar:/Users/joo/.m2/repository/org/springframework/security/spring-security-crypto/6.3.0/spring-security-crypto-6.3.0.jar:/Users/joo/.m2/repository/io/github/openfeign/feign-core/13.5/feign-core-13.5.jar:/Users/joo/.m2/repository/io/github/openfeign/feign-slf4j/13.5/feign-slf4j-13.5.jar:/Users/joo/.m2/repository/org/springframework/boot/spring-boot-starter-data-jpa/3.3.0/spring-boot-starter-data-jpa-3.3.0.jar:/Users/joo/.m2/repository/org/springframework/boot/spring-boot-starter-aop/3.3.0/spring-boot-starter-aop-3.3.0.jar:/Users/joo/.m2/repository/org/aspectj/aspectjweaver/1.9.22/aspectjweaver-1.9.22.jar:/Users/joo/.m2/repository/org/hibernate/orm/hibernate-core/6.5.2.Final/hibernate-core-6.5.2.Final.jar:/Users/joo/.m2/repository/jakarta/persistence/jakarta.persistence-api/3.1.0/jakarta.persistence-api-3.1.0.jar:/Users/joo/.m2/repository/org/jboss/logging/jboss-logging/3.5.3.Final/jboss-logging-3.5.3.Final.jar:/Users/joo/.m2/repository/org/hibernate/common/hibernate-commons-annotations/6.0.6.Final/hibernate-commons-annotations-6.0.6.Final.jar:/Users/joo/.m2/repository/io/smallrye/jandex/3.1.2/jandex-3.1.2.jar:/Users/joo/.m2/repository/com/fasterxml/classmate/1.7.0/classmate-1.7.0.jar:/Users/joo/.m2/repository/org/glassfish/jaxb/jaxb-runtime/4.0.5/jaxb-runtime-4.0.5.jar:/Users/joo/.m2/repository/org/glassfish/jaxb/jaxb-core/4.0.5/jaxb-core-4.0.5.jar:/Users/joo/.m2/repository/org/eclipse/angus/angus-activation/2.0.2/angus-activation-2.0.2.jar:/Users/joo/.m2/repository/org/glassfish/jaxb/txw2/4.0.5/txw2-4.0.5.jar:/Users/joo/.m2/repository/com/sun/istack/istack-commons-runtime/4.1.2/istack-commons-runtime-4.1.2.jar:/Users/joo/.m2/repository/org/antlr/antlr4-runtime/4.13.0/antlr4-runtime-4.13.0.jar:/Users/joo/.m2/repository/org/springframework/data/spring-data-jpa/3.3.0/spring-data-jpa-3.3.0.jar:/Users/joo/.m2/repository/org/springframework/data/spring-data-commons/3.3.0/spring-data-commons-3.3.0.jar:/Users/joo/.m2/repository/org/springframework/spring-orm/6.1.8/spring-orm-6.1.8.jar:/Users/joo/.m2/repository/org/springframework/spring-tx/6.1.8/spring-tx-6.1.8.jar:/Users/joo/.m2/repository/org/springframework/spring-aspects/6.1.8/spring-aspects-6.1.8.jar:/Users/joo/.m2/repository/org/springframework/boot/spring-boot-starter-validation/3.3.0/spring-boot-starter-validation-3.3.0.jar:/Users/joo/.m2/repository/org/apache/tomcat/embed/tomcat-embed-el/10.1.24/tomcat-embed-el-10.1.24.jar:/Users/joo/.m2/repository/org/hibernate/validator/hibernate-validator/8.0.1.Final/hibernate-validator-8.0.1.Final.jar:/Users/joo/.m2/repository/jakarta/validation/jakarta.validation-api/3.0.2/jakarta.validation-api-3.0.2.jar:/Users/joo/.m2/repository/org/springframework/boot/spring-boot-starter-thymeleaf/3.3.0/spring-boot-starter-thymeleaf-3.3.0.jar:/Users/joo/.m2/repository/org/thymeleaf/thymeleaf-spring6/3.1.2.RELEASE/thymeleaf-spring6-3.1.2.RELEASE.jar:/Users/joo/.m2/repository/org/thymeleaf/thymeleaf/3.1.2.RELEASE/thymeleaf-3.1.2.RELEASE.jar:/Users/joo/.m2/repository/org/attoparser/attoparser/2.0.7.RELEASE/attoparser-2.0.7.RELEASE.jar:/Users/joo/.m2/repository/org/unbescape/unbescape/1.1.6.RELEASE/unbescape-1.1.6.RELEASE.jar:/Users/joo/.m2/repository/io/hypersistence/hypersistence-utils-hibernate-60/3.9.0/hypersistence-utils-hibernate-60-3.9.0.jar:/Users/joo/.m2/repository/javax/xml/bind/jaxb-api/2.3.0/jaxb-api-2.3.0.jar:/Users/joo/.m2/repository/io/hypersistence/hypersistence-tsid/2.1.1/hypersistence-tsid-2.1.1.jar:/Users/joo/.m2/repository/org/mindrot/jbcrypt/0.4/jbcrypt-0.4.jar:/Users/joo/.m2/repository/com/mysql/mysql-connector-j/8.3.0/mysql-connector-j-8.3.0.jar:/Users/joo/.m2/repository/org/apache/commons/commons-dbcp2/2.13.0/commons-dbcp2-2.13.0.jar:/Users/joo/.m2/repository/org/apache/commons/commons-pool2/2.12.0/commons-pool2-2.12.0.jar:/Users/joo/.m2/repository/jakarta/transaction/jakarta.transaction-api/2.0.1/jakarta.transaction-api-2.0.1.jar:/Users/joo/.m2/repository/com/h2database/h2/2.2.224/h2-2.2.224.jar:/Users/joo/.m2/repository/org/springframework/boot/spring-boot-starter-jdbc/3.3.0/spring-boot-starter-jdbc-3.3.0.jar:/Users/joo/.m2/repository/org/springframework/spring-jdbc/6.1.8/spring-jdbc-6.1.8.jar:/Users/joo/.m2/repository/com/google/code/gson/gson/2.10.1/gson-2.10.1.jar:/Users/joo/.m2/repository/org/apache/httpcomponents/client5/httpclient5/5.3.1/httpclient5-5.3.1.jar:/Users/joo/.m2/repository/org/apache/httpcomponents/core5/httpcore5/5.2.4/httpcore5-5.2.4.jar:/Users/joo/.m2/repository/org/apache/httpcomponents/core5/httpcore5-h2/5.2.4/httpcore5-h2-5.2.4.jar:/Users/joo/.m2/repository/org/slf4j/slf4j-api/2.0.13/slf4j-api-2.0.13.jar:/Users/joo/.m2/repository/com/querydsl/querydsl-jpa/5.0.0/querydsl-jpa-5.0.0-jakarta.jar:/Users/joo/.m2/repository/com/querydsl/querydsl-core/5.1.0/querydsl-core-5.1.0.jar:/Users/joo/.m2/repository/com/mysema/commons/mysema-commons-lang/0.2.4/mysema-commons-lang-0.2.4.jar:/Users/joo/.m2/repository/com/querydsl/querydsl-apt/5.0.0/querydsl-apt-5.0.0-jakarta.jar:/Users/joo/.m2/repository/com/querydsl/querydsl-codegen/5.1.0/querydsl-codegen-5.1.0.jar:/Users/joo/.m2/repository/com/querydsl/codegen-utils/5.1.0/codegen-utils-5.1.0.jar:/Users/joo/.m2/repository/org/eclipse/jdt/ecj/3.26.0/ecj-3.26.0.jar:/Users/joo/.m2/repository/javax/inject/javax.inject/1/javax.inject-1.jar:/Users/joo/.m2/repository/io/github/classgraph/classgraph/4.8.146/classgraph-4.8.146.jar:/Users/joo/.m2/repository/org/springframework/boot/spring-boot-starter-actuator/3.3.0/spring-boot-starter-actuator-3.3.0.jar:/Users/joo/.m2/repository/org/springframework/boot/spring-boot-actuator-autoconfigure/3.3.0/spring-boot-actuator-autoconfigure-3.3.0.jar:/Users/joo/.m2/repository/org/springframework/boot/spring-boot-actuator/3.3.0/spring-boot-actuator-3.3.0.jar:/Users/joo/.m2/repository/io/micrometer/micrometer-observation/1.13.0/micrometer-observation-1.13.0.jar:/Users/joo/.m2/repository/io/micrometer/micrometer-commons/1.13.0/micrometer-commons-1.13.0.jar:/Users/joo/.m2/repository/io/micrometer/micrometer-jakarta9/1.13.0/micrometer-jakarta9-1.13.0.jar:/Users/joo/.m2/repository/io/micrometer/micrometer-core/1.13.0/micrometer-core-1.13.0.jar:/Users/joo/.m2/repository/org/hdrhistogram/HdrHistogram/2.2.1/HdrHistogram-2.2.1.jar:/Users/joo/.m2/repository/org/latencyutils/LatencyUtils/2.0.3/LatencyUtils-2.0.3.jar:/Users/joo/.m2/repository/org/springdoc/springdoc-openapi-starter-webmvc-ui/2.4.0/springdoc-openapi-starter-webmvc-ui-2.4.0.jar:/Users/joo/.m2/repository/org/springdoc/springdoc-openapi-starter-webmvc-api/2.4.0/springdoc-openapi-starter-webmvc-api-2.4.0.jar:/Users/joo/.m2/repository/org/springdoc/springdoc-openapi-starter-common/2.4.0/springdoc-openapi-starter-common-2.4.0.jar:/Users/joo/.m2/repository/io/swagger/core/v3/swagger-core-jakarta/2.2.20/swagger-core-jakarta-2.2.20.jar:/Users/joo/.m2/repository/org/apache/commons/commons-lang3/3.14.0/commons-lang3-3.14.0.jar:/Users/joo/.m2/repository/io/swagger/core/v3/swagger-annotations-jakarta/2.2.20/swagger-annotations-jakarta-2.2.20.jar:/Users/joo/.m2/repository/io/swagger/core/v3/swagger-models-jakarta/2.2.20/swagger-models-jakarta-2.2.20.jar:/Users/joo/.m2/repository/com/fasterxml/jackson/dataformat/jackson-dataformat-yaml/2.17.1/jackson-dataformat-yaml-2.17.1.jar:/Users/joo/.m2/repository/org/webjars/swagger-ui/5.11.8/swagger-ui-5.11.8.jar:"/>
    <property name="sun.cpu.endian" value="little"/>
    <property name="user.home" value="/Users/joo"/>
    <property name="user.language" value="ko"/>
    <property name="java.specification.vendor" value="Oracle Corporation"/>
    <property name="java.version.date" value="2025-01-21"/>
    <property name="java.home" value="/opt/homebrew/Cellar/openjdk/23.0.2/libexec/openjdk.jdk/Contents/Home"/>
    <property name="file.separator" value="/"/>
    <property name="basedir" value="/Users/joo/OneBook/taskapi/Onebook-taskapi"/>
    <property name="java.vm.compressedOopsMode" value="Zero based"/>
    <property name="line.separator" value="&#10;"/>
    <property name="java.vm.specification.vendor" value="Oracle Corporation"/>
    <property name="java.specification.name" value="Java Platform API Specification"/>
    <property name="FILE_LOG_CHARSET" value="UTF-8"/>
    <property name="java.awt.headless" value="true"/>
    <property name="apple.awt.application.name" value="ForkedBooter"/>
    <property name="surefire.real.class.path" value="/Users/joo/OneBook/taskapi/Onebook-taskapi/target/surefire/surefirebooter-20250323202611679_3.jar"/>
    <property name="sun.management.compiler" value="HotSpot 64-Bit Tiered Compilers"/>
    <property name="ftp.nonProxyHosts" value="local|*.local|169.254/16|*.169.254/16"/>
    <property name="java.runtime.version" value="23.0.2"/>
    <property name="user.name" value="joo"/>
    <property name="stdout.encoding" value="UTF-8"/>
    <property name="path.separator" value=":"/>
    <property name="os.version" value="15.2"/>
    <property name="java.runtime.name" value="OpenJDK Runtime Environment"/>
    <property name="file.encoding" value="UTF-8"/>
    <property name="java.vm.name" value="OpenJDK 64-Bit Server VM"/>
    <property name="java.vendor.version" value="Homebrew"/>
    <property name="localRepository" value="/Users/joo/.m2/repository"/>
    <property name="java.vendor.url.bug" value="https://github.com/Homebrew/homebrew-core/issues"/>
    <property name="java.io.tmpdir" value="/var/folders/1f/bqb9kbd9277181p9s3whnk7r0000gn/T/"/>
    <property name="java.version" value="23.0.2"/>
    <property name="user.dir" value="/Users/joo/OneBook/taskapi/Onebook-taskapi"/>
    <property name="os.arch" value="aarch64"/>
    <property name="java.vm.specification.name" value="Java Virtual Machine Specification"/>
    <property name="PID" value="78429"/>
    <property name="CONSOLE_LOG_CHARSET" value="UTF-8"/>
    <property name="native.encoding" value="UTF-8"/>
    <property name="java.library.path" value="/Users/joo/Library/Java/Extensions:/Library/Java/Extensions:/Network/Library/Java/Extensions:/System/Library/Java/Extensions:/usr/lib/java:."/>
    <property name="java.vm.info" value="mixed mode, sharing"/>
    <property name="stderr.encoding" value="UTF-8"/>
    <property name="java.vendor" value="Homebrew"/>
    <property name="java.vm.version" value="23.0.2"/>
    <property name="sun.io.unicode.encoding" value="UnicodeBig"/>
    <property name="socksNonProxyHosts" value="local|*.local|169.254/16|*.169.254/16"/>
    <property name="java.class.version" value="67.0"/>
  </properties>
  <testcase name="testGetImage" classname="com.nhnacademy.taskapi.image.controller.ImageControllerTest" time="0.005">
    <system-out><![CDATA[2025-03-23T20:26:23.741+09:00  INFO 78429 --- [           main] t.c.s.AnnotationConfigContextLoaderUtils : Could not detect default configuration classes for test class [com.nhnacademy.taskapi.image.controller.ImageControllerTest]: ImageControllerTest does not declare any static, non-private, non-final, nested classes annotated with @Configuration.
2025-03-23T20:26:23.753+09:00  INFO 78429 --- [           main] .b.t.c.SpringBootTestContextBootstrapper : Found @SpringBootConfiguration com.nhnacademy.taskapi.TaskApiApplication for test class com.nhnacademy.taskapi.image.controller.ImageControllerTest
  .   ____          _            __ _ _
 /\\ / ___'_ __ _ _(_)_ __  __ _ \ \ \ \
( ( )\___ | '_ | '_| | '_ \/ _` | \ \ \ \
 \\/  ___)| |_)| | | | | || (_| |  ) ) ) )
  '  |____| .__|_| |_|_| |_\__, | / / / /
 =========|_|==============|___/=/_/_/_/

 :: Spring Boot ::                (v3.3.0)

2025-03-23T20:26:23.766+09:00  INFO 78429 --- [           main] c.n.t.i.controller.ImageControllerTest   : Starting ImageControllerTest using Java 23.0.2 with PID 78429 (started by joo in /Users/joo/OneBook/taskapi/Onebook-taskapi)
2025-03-23T20:26:23.766+09:00  INFO 78429 --- [           main] c.n.t.i.controller.ImageControllerTest   : No active profile set, falling back to 1 default profile: "default"
2025-03-23T20:26:23.947+09:00  WARN 78429 --- [           main] ion$DefaultTemplateResolverConfiguration : Cannot find template location: classpath:/templates/ (please add some templates, check your Thymeleaf configuration, or set spring.thymeleaf.check-template-location=false)
2025-03-23T20:26:23.950+09:00  INFO 78429 --- [           main] o.s.b.t.m.w.SpringBootMockServletContext : Initializing Spring TestDispatcherServlet ''
2025-03-23T20:26:23.950+09:00  INFO 78429 --- [           main] o.s.t.web.servlet.TestDispatcherServlet  : Initializing Servlet ''
2025-03-23T20:26:23.950+09:00  INFO 78429 --- [           main] o.s.t.web.servlet.TestDispatcherServlet  : Completed initialization in 0 ms
2025-03-23T20:26:23.953+09:00  INFO 78429 --- [           main] c.n.t.i.controller.ImageControllerTest   : Started ImageControllerTest in 0.199 seconds (process running for 12.219)
]]></system-out>
    <system-err><![CDATA[java.lang.instrument.IllegalClassFormatException: Error while instrumenting com/nhnacademy/taskapi/image/service/ImageService$MockitoMock$OsGVK1XV with JaCoCo 0.8.9.202303310957/c0ad781.
	at org.jacoco.agent.rt.internal_4481564.CoverageTransformer.transform(CoverageTransformer.java:94)
	at java.instrument/java.lang.instrument.ClassFileTransformer.transform(ClassFileTransformer.java:242)
	at java.instrument/sun.instrument.TransformerManager.transform(TransformerManager.java:188)
	at java.instrument/sun.instrument.InstrumentationImpl.transform(InstrumentationImpl.java:610)
	at java.base/java.lang.ClassLoader.defineClass1(Native Method)
	at java.base/java.lang.ClassLoader.defineClass(ClassLoader.java:1026)
	at java.base/java.lang.ClassLoader$ByteBuddyAccessor$V1.defineClass(Unknown Source)
	at java.base/jdk.internal.reflect.DirectMethodHandleAccessor.invoke(DirectMethodHandleAccessor.java:103)
	at java.base/java.lang.reflect.Method.invoke(Method.java:580)
	at net.bytebuddy.dynamic.loading.ClassInjector$UsingReflection$Dispatcher$UsingUnsafeInjection.defineClass(ClassInjector.java:1041)
	at net.bytebuddy.dynamic.loading.ClassInjector$UsingReflection.injectRaw(ClassInjector.java:284)
	at net.bytebuddy.dynamic.loading.ClassInjector$AbstractBase.inject(ClassInjector.java:118)
	at net.bytebuddy.dynamic.loading.ClassLoadingStrategy$Default$InjectionDispatcher.load(ClassLoadingStrategy.java:241)
	at net.bytebuddy.dynamic.TypeResolutionStrategy$Passive.initialize(TypeResolutionStrategy.java:101)
	at net.bytebuddy.dynamic.DynamicType$Default$Unloaded.load(DynamicType.java:6325)
	at org.mockito.internal.creation.bytebuddy.SubclassBytecodeGenerator.mockClass(SubclassBytecodeGenerator.java:297)
	at org.mockito.internal.creation.bytebuddy.TypeCachingBytecodeGenerator.lambda$mockClass$0(TypeCachingBytecodeGenerator.java:78)
	at net.bytebuddy.TypeCache.findOrInsert(TypeCache.java:168)
	at net.bytebuddy.TypeCache$WithInlineExpunction.findOrInsert(TypeCache.java:399)
	at net.bytebuddy.TypeCache.findOrInsert(TypeCache.java:190)
	at net.bytebuddy.TypeCache$WithInlineExpunction.findOrInsert(TypeCache.java:410)
	at org.mockito.internal.creation.bytebuddy.TypeCachingBytecodeGenerator.mockClass(TypeCachingBytecodeGenerator.java:75)
	at org.mockito.internal.creation.bytebuddy.InlineBytecodeGenerator.mockClass(InlineBytecodeGenerator.java:221)
	at org.mockito.internal.creation.bytebuddy.TypeCachingBytecodeGenerator.lambda$mockClass$0(TypeCachingBytecodeGenerator.java:78)
	at net.bytebuddy.TypeCache.findOrInsert(TypeCache.java:168)
	at net.bytebuddy.TypeCache$WithInlineExpunction.findOrInsert(TypeCache.java:399)
	at net.bytebuddy.TypeCache.findOrInsert(TypeCache.java:190)
	at net.bytebuddy.TypeCache$WithInlineExpunction.findOrInsert(TypeCache.java:410)
	at org.mockito.internal.creation.bytebuddy.TypeCachingBytecodeGenerator.mockClass(TypeCachingBytecodeGenerator.java:75)
	at org.mockito.internal.creation.bytebuddy.InlineDelegateByteBuddyMockMaker.createMockType(InlineDelegateByteBuddyMockMaker.java:414)
	at org.mockito.internal.creation.bytebuddy.InlineDelegateByteBuddyMockMaker.doCreateMock(InlineDelegateByteBuddyMockMaker.java:373)
	at org.mockito.internal.creation.bytebuddy.InlineDelegateByteBuddyMockMaker.createMock(InlineDelegateByteBuddyMockMaker.java:352)
	at org.mockito.internal.creation.bytebuddy.InlineByteBuddyMockMaker.createMock(InlineByteBuddyMockMaker.java:56)
	at org.mockito.internal.util.MockUtil.createMock(MockUtil.java:99)
	at org.mockito.internal.MockitoCore.mock(MockitoCore.java:84)
	at org.mockito.Mockito.mock(Mockito.java:2104)
	at org.springframework.boot.test.mock.mockito.MockDefinition.createMock(MockDefinition.java:158)
	at org.springframework.boot.test.mock.mockito.MockitoPostProcessor.registerMock(MockitoPostProcessor.java:185)
	at org.springframework.boot.test.mock.mockito.MockitoPostProcessor.register(MockitoPostProcessor.java:167)
	at org.springframework.boot.test.mock.mockito.MockitoPostProcessor.postProcessBeanFactory(MockitoPostProcessor.java:141)
	at org.springframework.boot.test.mock.mockito.MockitoPostProcessor.postProcessBeanFactory(MockitoPostProcessor.java:129)
	at org.springframework.context.support.PostProcessorRegistrationDelegate.invokeBeanFactoryPostProcessors(PostProcessorRegistrationDelegate.java:363)
	at org.springframework.context.support.PostProcessorRegistrationDelegate.invokeBeanFactoryPostProcessors(PostProcessorRegistrationDelegate.java:197)
	at org.springframework.context.support.AbstractApplicationContext.invokeBeanFactoryPostProcessors(AbstractApplicationContext.java:788)
	at org.springframework.context.support.AbstractApplicationContext.refresh(AbstractApplicationContext.java:606)
	at org.springframework.boot.SpringApplication.refresh(SpringApplication.java:754)
	at org.springframework.boot.SpringApplication.refreshContext(SpringApplication.java:456)
	at org.springframework.boot.SpringApplication.run(SpringApplication.java:335)
	at org.springframework.boot.test.context.SpringBootContextLoader.lambda$loadContext$3(SpringBootContextLoader.java:137)
	at org.springframework.util.function.ThrowingSupplier.get(ThrowingSupplier.java:58)
	at org.springframework.util.function.ThrowingSupplier.get(ThrowingSupplier.java:46)
	at org.springframework.boot.SpringApplication.withHook(SpringApplication.java:1463)
	at org.springframework.boot.test.context.SpringBootContextLoader$ContextLoaderHook.run(SpringBootContextLoader.java:553)
	at org.springframework.boot.test.context.SpringBootContextLoader.loadContext(SpringBootContextLoader.java:137)
	at org.springframework.boot.test.context.SpringBootContextLoader.loadContext(SpringBootContextLoader.java:108)
	at org.springframework.test.context.cache.DefaultCacheAwareContextLoaderDelegate.loadContextInternal(DefaultCacheAwareContextLoaderDelegate.java:225)
	at org.springframework.test.context.cache.DefaultCacheAwareContextLoaderDelegate.loadContext(DefaultCacheAwareContextLoaderDelegate.java:152)
	at org.springframework.test.context.support.DefaultTestContext.getApplicationContext(DefaultTestContext.java:130)
	at org.springframework.boot.test.mock.mockito.MockitoTestExecutionListener.postProcessFields(MockitoTestExecutionListener.java:122)
	at org.springframework.boot.test.mock.mockito.MockitoTestExecutionListener.injectFields(MockitoTestExecutionListener.java:106)
	at org.springframework.boot.test.mock.mockito.MockitoTestExecutionListener.prepareTestInstance(MockitoTestExecutionListener.java:63)
	at org.springframework.test.context.TestContextManager.prepareTestInstance(TestContextManager.java:260)
	at org.springframework.test.context.junit.jupiter.SpringExtension.postProcessTestInstance(SpringExtension.java:163)
	at org.junit.jupiter.engine.descriptor.ClassBasedTestDescriptor.lambda$invokeTestInstancePostProcessors$10(ClassBasedTestDescriptor.java:378)
	at org.junit.jupiter.engine.descriptor.ClassBasedTestDescriptor.executeAndMaskThrowable(ClassBasedTestDescriptor.java:383)
	at org.junit.jupiter.engine.descriptor.ClassBasedTestDescriptor.lambda$invokeTestInstancePostProcessors$11(ClassBasedTestDescriptor.java:378)
	at java.base/java.util.stream.ReferencePipeline$3$1.accept(ReferencePipeline.java:215)
	at java.base/java.util.stream.ReferencePipeline$2$1.accept(ReferencePipeline.java:197)
	at java.base/java.util.ArrayList$ArrayListSpliterator.forEachRemaining(ArrayList.java:1709)
	at java.base/java.util.stream.AbstractPipeline.copyInto(AbstractPipeline.java:570)
	at java.base/java.util.stream.AbstractPipeline.wrapAndCopyInto(AbstractPipeline.java:560)
	at java.base/java.util.stream.StreamSpliterators$WrappingSpliterator.forEachRemaining(StreamSpliterators.java:315)
	at java.base/java.util.stream.Streams$ConcatSpliterator.forEachRemaining(Streams.java:735)
	at java.base/java.util.stream.Streams$ConcatSpliterator.forEachRemaining(Streams.java:734)
	at java.base/java.util.stream.ReferencePipeline$Head.forEach(ReferencePipeline.java:807)
	at org.junit.jupiter.engine.descriptor.ClassBasedTestDescriptor.invokeTestInstancePostProcessors(ClassBasedTestDescriptor.java:377)
	at org.junit.jupiter.engine.descriptor.ClassBasedTestDescriptor.lambda$instantiateAndPostProcessTestInstance$6(ClassBasedTestDescriptor.java:290)
	at org.junit.platform.engine.support.hierarchical.ThrowableCollector.execute(ThrowableCollector.java:73)
	at org.junit.jupiter.engine.descriptor.ClassBasedTestDescriptor.instantiateAndPostProcessTestInstance(ClassBasedTestDescriptor.java:289)
	at org.junit.jupiter.engine.descriptor.ClassBasedTestDescriptor.lambda$testInstancesProvider$4(ClassBasedTestDescriptor.java:279)
	at java.base/java.util.Optional.orElseGet(Optional.java:364)
	at org.junit.jupiter.engine.descriptor.ClassBasedTestDescriptor.lambda$testInstancesProvider$5(ClassBasedTestDescriptor.java:278)
	at org.junit.jupiter.engine.execution.TestInstancesProvider.getTestInstances(TestInstancesProvider.java:31)
	at org.junit.jupiter.engine.descriptor.TestMethodTestDescriptor.lambda$prepare$0(TestMethodTestDescriptor.java:106)
	at org.junit.platform.engine.support.hierarchical.ThrowableCollector.execute(ThrowableCollector.java:73)
	at org.junit.jupiter.engine.descriptor.TestMethodTestDescriptor.prepare(TestMethodTestDescriptor.java:105)
	at org.junit.jupiter.engine.descriptor.TestMethodTestDescriptor.prepare(TestMethodTestDescriptor.java:69)
	at org.junit.platform.engine.support.hierarchical.NodeTestTask.lambda$prepare$2(NodeTestTask.java:123)
	at org.junit.platform.engine.support.hierarchical.ThrowableCollector.execute(ThrowableCollector.java:73)
	at org.junit.platform.engine.support.hierarchical.NodeTestTask.prepare(NodeTestTask.java:123)
	at org.junit.platform.engine.support.hierarchical.NodeTestTask.execute(NodeTestTask.java:90)
	at java.base/java.util.ArrayList.forEach(ArrayList.java:1597)
	at org.junit.platform.engine.support.hierarchical.SameThreadHierarchicalTestExecutorService.invokeAll(SameThreadHierarchicalTestExecutorService.java:41)
	at org.junit.platform.engine.support.hierarchical.NodeTestTask.lambda$executeRecursively$6(NodeTestTask.java:155)
	at org.junit.platform.engine.support.hierarchical.ThrowableCollector.execute(ThrowableCollector.java:73)
	at org.junit.platform.engine.support.hierarchical.NodeTestTask.lambda$executeRecursively$8(NodeTestTask.java:141)
	at org.junit.platform.engine.support.hierarchical.Node.around(Node.java:137)
	at org.junit.platform.engine.support.hierarchical.NodeTestTask.lambda$executeRecursively$9(NodeTestTask.java:139)
	at org.junit.platform.engine.support.hierarchical.ThrowableCollector.execute(ThrowableCollector.java:73)
	at org.junit.platform.engine.support.hierarchical.NodeTestTask.executeRecursively(NodeTestTask.java:138)
	at org.junit.platform.engine.support.hierarchical.NodeTestTask.execute(NodeTestTask.java:95)
	at java.base/java.util.ArrayList.forEach(ArrayList.java:1597)
	at org.junit.platform.engine.support.hierarchical.SameThreadHierarchicalTestExecutorService.invokeAll(SameThreadHierarchicalTestExecutorService.java:41)
	at org.junit.platform.engine.support.hierarchical.NodeTestTask.lambda$executeRecursively$6(NodeTestTask.java:155)
	at org.junit.platform.engine.support.hierarchical.ThrowableCollector.execute(ThrowableCollector.java:73)
	at org.junit.platform.engine.support.hierarchical.NodeTestTask.lambda$executeRecursively$8(NodeTestTask.java:141)
	at org.junit.platform.engine.support.hierarchical.Node.around(Node.java:137)
	at org.junit.platform.engine.support.hierarchical.NodeTestTask.lambda$executeRecursively$9(NodeTestTask.java:139)
	at org.junit.platform.engine.support.hierarchical.ThrowableCollector.execute(ThrowableCollector.java:73)
	at org.junit.platform.engine.support.hierarchical.NodeTestTask.executeRecursively(NodeTestTask.java:138)
	at org.junit.platform.engine.support.hierarchical.NodeTestTask.execute(NodeTestTask.java:95)
	at org.junit.platform.engine.support.hierarchical.SameThreadHierarchicalTestExecutorService.submit(SameThreadHierarchicalTestExecutorService.java:35)
	at org.junit.platform.engine.support.hierarchical.HierarchicalTestExecutor.execute(HierarchicalTestExecutor.java:57)
	at org.junit.platform.engine.support.hierarchical.HierarchicalTestEngine.execute(HierarchicalTestEngine.java:54)
	at org.junit.platform.launcher.core.EngineExecutionOrchestrator.execute(EngineExecutionOrchestrator.java:198)
	at org.junit.platform.launcher.core.EngineExecutionOrchestrator.execute(EngineExecutionOrchestrator.java:169)
	at org.junit.platform.launcher.core.EngineExecutionOrchestrator.execute(EngineExecutionOrchestrator.java:93)
	at org.junit.platform.launcher.core.EngineExecutionOrchestrator.lambda$execute$0(EngineExecutionOrchestrator.java:58)
	at org.junit.platform.launcher.core.EngineExecutionOrchestrator.withInterceptedStreams(EngineExecutionOrchestrator.java:141)
	at org.junit.platform.launcher.core.EngineExecutionOrchestrator.execute(EngineExecutionOrchestrator.java:57)
	at org.junit.platform.launcher.core.DefaultLauncher.execute(DefaultLauncher.java:103)
	at org.junit.platform.launcher.core.DefaultLauncher.execute(DefaultLauncher.java:85)
	at org.junit.platform.launcher.core.DelegatingLauncher.execute(DelegatingLauncher.java:47)
	at org.apache.maven.surefire.junitplatform.LazyLauncher.execute(LazyLauncher.java:50)
	at org.apache.maven.surefire.junitplatform.JUnitPlatformProvider.execute(JUnitPlatformProvider.java:184)
	at org.apache.maven.surefire.junitplatform.JUnitPlatformProvider.invokeAllTests(JUnitPlatformProvider.java:148)
	at org.apache.maven.surefire.junitplatform.JUnitPlatformProvider.invoke(JUnitPlatformProvider.java:122)
	at org.apache.maven.surefire.booter.ForkedBooter.runSuitesInProcess(ForkedBooter.java:385)
	at org.apache.maven.surefire.booter.ForkedBooter.execute(ForkedBooter.java:162)
	at org.apache.maven.surefire.booter.ForkedBooter.run(ForkedBooter.java:507)
	at org.apache.maven.surefire.booter.ForkedBooter.main(ForkedBooter.java:495)
Caused by: java.io.IOException: Error while instrumenting com/nhnacademy/taskapi/image/service/ImageService$MockitoMock$OsGVK1XV with JaCoCo 0.8.9.202303310957/c0ad781.
	at org.jacoco.agent.rt.internal_4481564.core.instr.Instrumenter.instrumentError(Instrumenter.java:161)
	at org.jacoco.agent.rt.internal_4481564.core.instr.Instrumenter.instrument(Instrumenter.java:111)
	at org.jacoco.agent.rt.internal_4481564.CoverageTransformer.transform(CoverageTransformer.java:92)
	... 130 more
Caused by: java.lang.IllegalArgumentException: Unsupported class file major version 67
	at org.jacoco.agent.rt.internal_4481564.asm.ClassReader.<init>(ClassReader.java:199)
	at org.jacoco.agent.rt.internal_4481564.asm.ClassReader.<init>(ClassReader.java:180)
	at org.jacoco.agent.rt.internal_4481564.asm.ClassReader.<init>(ClassReader.java:166)
	at org.jacoco.agent.rt.internal_4481564.core.internal.instr.InstrSupport.classReaderFor(InstrSupport.java:280)
	at org.jacoco.agent.rt.internal_4481564.core.instr.Instrumenter.instrument(Instrumenter.java:77)
	at org.jacoco.agent.rt.internal_4481564.core.instr.Instrumenter.instrument(Instrumenter.java:109)
	... 131 more
java.lang.instrument.IllegalClassFormatException: Error while instrumenting com/nhnacademy/taskapi/image/service/ImageService$MockitoMock$OsGVK1XV$auxiliary$j8lAimHk with JaCoCo 0.8.9.202303310957/c0ad781.
	at org.jacoco.agent.rt.internal_4481564.CoverageTransformer.transform(CoverageTransformer.java:94)
	at java.instrument/java.lang.instrument.ClassFileTransformer.transform(ClassFileTransformer.java:242)
	at java.instrument/sun.instrument.TransformerManager.transform(TransformerManager.java:188)
	at java.instrument/sun.instrument.InstrumentationImpl.transform(InstrumentationImpl.java:610)
	at java.base/java.lang.ClassLoader.defineClass1(Native Method)
	at java.base/java.lang.ClassLoader.defineClass(ClassLoader.java:1026)
	at java.base/java.lang.ClassLoader$ByteBuddyAccessor$V1.defineClass(Unknown Source)
	at java.base/jdk.internal.reflect.DirectMethodHandleAccessor.invoke(DirectMethodHandleAccessor.java:103)
	at java.base/java.lang.reflect.Method.invoke(Method.java:580)
	at net.bytebuddy.dynamic.loading.ClassInjector$UsingReflection$Dispatcher$UsingUnsafeInjection.defineClass(ClassInjector.java:1041)
	at net.bytebuddy.dynamic.loading.ClassInjector$UsingReflection.injectRaw(ClassInjector.java:284)
	at net.bytebuddy.dynamic.loading.ClassInjector$AbstractBase.inject(ClassInjector.java:118)
	at net.bytebuddy.dynamic.loading.ClassLoadingStrategy$Default$InjectionDispatcher.load(ClassLoadingStrategy.java:241)
	at net.bytebuddy.dynamic.TypeResolutionStrategy$Passive.initialize(TypeResolutionStrategy.java:101)
	at net.bytebuddy.dynamic.DynamicType$Default$Unloaded.load(DynamicType.java:6325)
	at org.mockito.internal.creation.bytebuddy.SubclassBytecodeGenerator.mockClass(SubclassBytecodeGenerator.java:297)
	at org.mockito.internal.creation.bytebuddy.TypeCachingBytecodeGenerator.lambda$mockClass$0(TypeCachingBytecodeGenerator.java:78)
	at net.bytebuddy.TypeCache.findOrInsert(TypeCache.java:168)
	at net.bytebuddy.TypeCache$WithInlineExpunction.findOrInsert(TypeCache.java:399)
	at net.bytebuddy.TypeCache.findOrInsert(TypeCache.java:190)
	at net.bytebuddy.TypeCache$WithInlineExpunction.findOrInsert(TypeCache.java:410)
	at org.mockito.internal.creation.bytebuddy.TypeCachingBytecodeGenerator.mockClass(TypeCachingBytecodeGenerator.java:75)
	at org.mockito.internal.creation.bytebuddy.InlineBytecodeGenerator.mockClass(InlineBytecodeGenerator.java:221)
	at org.mockito.internal.creation.bytebuddy.TypeCachingBytecodeGenerator.lambda$mockClass$0(TypeCachingBytecodeGenerator.java:78)
	at net.bytebuddy.TypeCache.findOrInsert(TypeCache.java:168)
	at net.bytebuddy.TypeCache$WithInlineExpunction.findOrInsert(TypeCache.java:399)
	at net.bytebuddy.TypeCache.findOrInsert(TypeCache.java:190)
	at net.bytebuddy.TypeCache$WithInlineExpunction.findOrInsert(TypeCache.java:410)
	at org.mockito.internal.creation.bytebuddy.TypeCachingBytecodeGenerator.mockClass(TypeCachingBytecodeGenerator.java:75)
	at org.mockito.internal.creation.bytebuddy.InlineDelegateByteBuddyMockMaker.createMockType(InlineDelegateByteBuddyMockMaker.java:414)
	at org.mockito.internal.creation.bytebuddy.InlineDelegateByteBuddyMockMaker.doCreateMock(InlineDelegateByteBuddyMockMaker.java:373)
	at org.mockito.internal.creation.bytebuddy.InlineDelegateByteBuddyMockMaker.createMock(InlineDelegateByteBuddyMockMaker.java:352)
	at org.mockito.internal.creation.bytebuddy.InlineByteBuddyMockMaker.createMock(InlineByteBuddyMockMaker.java:56)
	at org.mockito.internal.util.MockUtil.createMock(MockUtil.java:99)
	at org.mockito.internal.MockitoCore.mock(MockitoCore.java:84)
	at org.mockito.Mockito.mock(Mockito.java:2104)
	at org.springframework.boot.test.mock.mockito.MockDefinition.createMock(MockDefinition.java:158)
	at org.springframework.boot.test.mock.mockito.MockitoPostProcessor.registerMock(MockitoPostProcessor.java:185)
	at org.springframework.boot.test.mock.mockito.MockitoPostProcessor.register(MockitoPostProcessor.java:167)
	at org.springframework.boot.test.mock.mockito.MockitoPostProcessor.postProcessBeanFactory(MockitoPostProcessor.java:141)
	at org.springframework.boot.test.mock.mockito.MockitoPostProcessor.postProcessBeanFactory(MockitoPostProcessor.java:129)
	at org.springframework.context.support.PostProcessorRegistrationDelegate.invokeBeanFactoryPostProcessors(PostProcessorRegistrationDelegate.java:363)
	at org.springframework.context.support.PostProcessorRegistrationDelegate.invokeBeanFactoryPostProcessors(PostProcessorRegistrationDelegate.java:197)
	at org.springframework.context.support.AbstractApplicationContext.invokeBeanFactoryPostProcessors(AbstractApplicationContext.java:788)
	at org.springframework.context.support.AbstractApplicationContext.refresh(AbstractApplicationContext.java:606)
	at org.springframework.boot.SpringApplication.refresh(SpringApplication.java:754)
	at org.springframework.boot.SpringApplication.refreshContext(SpringApplication.java:456)
	at org.springframework.boot.SpringApplication.run(SpringApplication.java:335)
	at org.springframework.boot.test.context.SpringBootContextLoader.lambda$loadContext$3(SpringBootContextLoader.java:137)
	at org.springframework.util.function.ThrowingSupplier.get(ThrowingSupplier.java:58)
	at org.springframework.util.function.ThrowingSupplier.get(ThrowingSupplier.java:46)
	at org.springframework.boot.SpringApplication.withHook(SpringApplication.java:1463)
	at org.springframework.boot.test.context.SpringBootContextLoader$ContextLoaderHook.run(SpringBootContextLoader.java:553)
	at org.springframework.boot.test.context.SpringBootContextLoader.loadContext(SpringBootContextLoader.java:137)
	at org.springframework.boot.test.context.SpringBootContextLoader.loadContext(SpringBootContextLoader.java:108)
	at org.springframework.test.context.cache.DefaultCacheAwareContextLoaderDelegate.loadContextInternal(DefaultCacheAwareContextLoaderDelegate.java:225)
	at org.springframework.test.context.cache.DefaultCacheAwareContextLoaderDelegate.loadContext(DefaultCacheAwareContextLoaderDelegate.java:152)
	at org.springframework.test.context.support.DefaultTestContext.getApplicationContext(DefaultTestContext.java:130)
	at org.springframework.boot.test.mock.mockito.MockitoTestExecutionListener.postProcessFields(MockitoTestExecutionListener.java:122)
	at org.springframework.boot.test.mock.mockito.MockitoTestExecutionListener.injectFields(MockitoTestExecutionListener.java:106)
	at org.springframework.boot.test.mock.mockito.MockitoTestExecutionListener.prepareTestInstance(MockitoTestExecutionListener.java:63)
	at org.springframework.test.context.TestContextManager.prepareTestInstance(TestContextManager.java:260)
	at org.springframework.test.context.junit.jupiter.SpringExtension.postProcessTestInstance(SpringExtension.java:163)
	at org.junit.jupiter.engine.descriptor.ClassBasedTestDescriptor.lambda$invokeTestInstancePostProcessors$10(ClassBasedTestDescriptor.java:378)
	at org.junit.jupiter.engine.descriptor.ClassBasedTestDescriptor.executeAndMaskThrowable(ClassBasedTestDescriptor.java:383)
	at org.junit.jupiter.engine.descriptor.ClassBasedTestDescriptor.lambda$invokeTestInstancePostProcessors$11(ClassBasedTestDescriptor.java:378)
	at java.base/java.util.stream.ReferencePipeline$3$1.accept(ReferencePipeline.java:215)
	at java.base/java.util.stream.ReferencePipeline$2$1.accept(ReferencePipeline.java:197)
	at java.base/java.util.ArrayList$ArrayListSpliterator.forEachRemaining(ArrayList.java:1709)
	at java.base/java.util.stream.AbstractPipeline.copyInto(AbstractPipeline.java:570)
	at java.base/java.util.stream.AbstractPipeline.wrapAndCopyInto(AbstractPipeline.java:560)
	at java.base/java.util.stream.StreamSpliterators$WrappingSpliterator.forEachRemaining(StreamSpliterators.java:315)
	at java.base/java.util.stream.Streams$ConcatSpliterator.forEachRemaining(Streams.java:735)
	at java.base/java.util.stream.Streams$ConcatSpliterator.forEachRemaining(Streams.java:734)
	at java.base/java.util.stream.ReferencePipeline$Head.forEach(ReferencePipeline.java:807)
	at org.junit.jupiter.engine.descriptor.ClassBasedTestDescriptor.invokeTestInstancePostProcessors(ClassBasedTestDescriptor.java:377)
	at org.junit.jupiter.engine.descriptor.ClassBasedTestDescriptor.lambda$instantiateAndPostProcessTestInstance$6(ClassBasedTestDescriptor.java:290)
	at org.junit.platform.engine.support.hierarchical.ThrowableCollector.execute(ThrowableCollector.java:73)
	at org.junit.jupiter.engine.descriptor.ClassBasedTestDescriptor.instantiateAndPostProcessTestInstance(ClassBasedTestDescriptor.java:289)
	at org.junit.jupiter.engine.descriptor.ClassBasedTestDescriptor.lambda$testInstancesProvider$4(ClassBasedTestDescriptor.java:279)
	at java.base/java.util.Optional.orElseGet(Optional.java:364)
	at org.junit.jupiter.engine.descriptor.ClassBasedTestDescriptor.lambda$testInstancesProvider$5(ClassBasedTestDescriptor.java:278)
	at org.junit.jupiter.engine.execution.TestInstancesProvider.getTestInstances(TestInstancesProvider.java:31)
	at org.junit.jupiter.engine.descriptor.TestMethodTestDescriptor.lambda$prepare$0(TestMethodTestDescriptor.java:106)
	at org.junit.platform.engine.support.hierarchical.ThrowableCollector.execute(ThrowableCollector.java:73)
	at org.junit.jupiter.engine.descriptor.TestMethodTestDescriptor.prepare(TestMethodTestDescriptor.java:105)
	at org.junit.jupiter.engine.descriptor.TestMethodTestDescriptor.prepare(TestMethodTestDescriptor.java:69)
	at org.junit.platform.engine.support.hierarchical.NodeTestTask.lambda$prepare$2(NodeTestTask.java:123)
	at org.junit.platform.engine.support.hierarchical.ThrowableCollector.execute(ThrowableCollector.java:73)
	at org.junit.platform.engine.support.hierarchical.NodeTestTask.prepare(NodeTestTask.java:123)
	at org.junit.platform.engine.support.hierarchical.NodeTestTask.execute(NodeTestTask.java:90)
	at java.base/java.util.ArrayList.forEach(ArrayList.java:1597)
	at org.junit.platform.engine.support.hierarchical.SameThreadHierarchicalTestExecutorService.invokeAll(SameThreadHierarchicalTestExecutorService.java:41)
	at org.junit.platform.engine.support.hierarchical.NodeTestTask.lambda$executeRecursively$6(NodeTestTask.java:155)
	at org.junit.platform.engine.support.hierarchical.ThrowableCollector.execute(ThrowableCollector.java:73)
	at org.junit.platform.engine.support.hierarchical.NodeTestTask.lambda$executeRecursively$8(NodeTestTask.java:141)
	at org.junit.platform.engine.support.hierarchical.Node.around(Node.java:137)
	at org.junit.platform.engine.support.hierarchical.NodeTestTask.lambda$executeRecursively$9(NodeTestTask.java:139)
	at org.junit.platform.engine.support.hierarchical.ThrowableCollector.execute(ThrowableCollector.java:73)
	at org.junit.platform.engine.support.hierarchical.NodeTestTask.executeRecursively(NodeTestTask.java:138)
	at org.junit.platform.engine.support.hierarchical.NodeTestTask.execute(NodeTestTask.java:95)
	at java.base/java.util.ArrayList.forEach(ArrayList.java:1597)
	at org.junit.platform.engine.support.hierarchical.SameThreadHierarchicalTestExecutorService.invokeAll(SameThreadHierarchicalTestExecutorService.java:41)
	at org.junit.platform.engine.support.hierarchical.NodeTestTask.lambda$executeRecursively$6(NodeTestTask.java:155)
	at org.junit.platform.engine.support.hierarchical.ThrowableCollector.execute(ThrowableCollector.java:73)
	at org.junit.platform.engine.support.hierarchical.NodeTestTask.lambda$executeRecursively$8(NodeTestTask.java:141)
	at org.junit.platform.engine.support.hierarchical.Node.around(Node.java:137)
	at org.junit.platform.engine.support.hierarchical.NodeTestTask.lambda$executeRecursively$9(NodeTestTask.java:139)
	at org.junit.platform.engine.support.hierarchical.ThrowableCollector.execute(ThrowableCollector.java:73)
	at org.junit.platform.engine.support.hierarchical.NodeTestTask.executeRecursively(NodeTestTask.java:138)
	at org.junit.platform.engine.support.hierarchical.NodeTestTask.execute(NodeTestTask.java:95)
	at org.junit.platform.engine.support.hierarchical.SameThreadHierarchicalTestExecutorService.submit(SameThreadHierarchicalTestExecutorService.java:35)
	at org.junit.platform.engine.support.hierarchical.HierarchicalTestExecutor.execute(HierarchicalTestExecutor.java:57)
	at org.junit.platform.engine.support.hierarchical.HierarchicalTestEngine.execute(HierarchicalTestEngine.java:54)
	at org.junit.platform.launcher.core.EngineExecutionOrchestrator.execute(EngineExecutionOrchestrator.java:198)
	at org.junit.platform.launcher.core.EngineExecutionOrchestrator.execute(EngineExecutionOrchestrator.java:169)
	at org.junit.platform.launcher.core.EngineExecutionOrchestrator.execute(EngineExecutionOrchestrator.java:93)
	at org.junit.platform.launcher.core.EngineExecutionOrchestrator.lambda$execute$0(EngineExecutionOrchestrator.java:58)
	at org.junit.platform.launcher.core.EngineExecutionOrchestrator.withInterceptedStreams(EngineExecutionOrchestrator.java:141)
	at org.junit.platform.launcher.core.EngineExecutionOrchestrator.execute(EngineExecutionOrchestrator.java:57)
	at org.junit.platform.launcher.core.DefaultLauncher.execute(DefaultLauncher.java:103)
	at org.junit.platform.launcher.core.DefaultLauncher.execute(DefaultLauncher.java:85)
	at org.junit.platform.launcher.core.DelegatingLauncher.execute(DelegatingLauncher.java:47)
	at org.apache.maven.surefire.junitplatform.LazyLauncher.execute(LazyLauncher.java:50)
	at org.apache.maven.surefire.junitplatform.JUnitPlatformProvider.execute(JUnitPlatformProvider.java:184)
	at org.apache.maven.surefire.junitplatform.JUnitPlatformProvider.invokeAllTests(JUnitPlatformProvider.java:148)
	at org.apache.maven.surefire.junitplatform.JUnitPlatformProvider.invoke(JUnitPlatformProvider.java:122)
	at org.apache.maven.surefire.booter.ForkedBooter.runSuitesInProcess(ForkedBooter.java:385)
	at org.apache.maven.surefire.booter.ForkedBooter.execute(ForkedBooter.java:162)
	at org.apache.maven.surefire.booter.ForkedBooter.run(ForkedBooter.java:507)
	at org.apache.maven.surefire.booter.ForkedBooter.main(ForkedBooter.java:495)
Caused by: java.io.IOException: Error while instrumenting com/nhnacademy/taskapi/image/service/ImageService$MockitoMock$OsGVK1XV$auxiliary$j8lAimHk with JaCoCo 0.8.9.202303310957/c0ad781.
	at org.jacoco.agent.rt.internal_4481564.core.instr.Instrumenter.instrumentError(Instrumenter.java:161)
	at org.jacoco.agent.rt.internal_4481564.core.instr.Instrumenter.instrument(Instrumenter.java:111)
	at org.jacoco.agent.rt.internal_4481564.CoverageTransformer.transform(CoverageTransformer.java:92)
	... 130 more
Caused by: java.lang.IllegalArgumentException: Unsupported class file major version 67
	at org.jacoco.agent.rt.internal_4481564.asm.ClassReader.<init>(ClassReader.java:199)
	at org.jacoco.agent.rt.internal_4481564.asm.ClassReader.<init>(ClassReader.java:180)
	at org.jacoco.agent.rt.internal_4481564.asm.ClassReader.<init>(ClassReader.java:166)
	at org.jacoco.agent.rt.internal_4481564.core.internal.instr.InstrSupport.classReaderFor(InstrSupport.java:280)
	at org.jacoco.agent.rt.internal_4481564.core.instr.Instrumenter.instrument(Instrumenter.java:77)
	at org.jacoco.agent.rt.internal_4481564.core.instr.Instrumenter.instrument(Instrumenter.java:109)
	... 131 more
java.lang.instrument.IllegalClassFormatException: Error while instrumenting com/nhnacademy/taskapi/image/service/ImageService$MockitoMock$OsGVK1XV$auxiliary$7WboJt21 with JaCoCo 0.8.9.202303310957/c0ad781.
	at org.jacoco.agent.rt.internal_4481564.CoverageTransformer.transform(CoverageTransformer.java:94)
	at java.instrument/java.lang.instrument.ClassFileTransformer.transform(ClassFileTransformer.java:242)
	at java.instrument/sun.instrument.TransformerManager.transform(TransformerManager.java:188)
	at java.instrument/sun.instrument.InstrumentationImpl.transform(InstrumentationImpl.java:610)
	at java.base/java.lang.ClassLoader.defineClass1(Native Method)
	at java.base/java.lang.ClassLoader.defineClass(ClassLoader.java:1026)
	at java.base/java.lang.ClassLoader$ByteBuddyAccessor$V1.defineClass(Unknown Source)
	at java.base/jdk.internal.reflect.DirectMethodHandleAccessor.invoke(DirectMethodHandleAccessor.java:103)
	at java.base/java.lang.reflect.Method.invoke(Method.java:580)
	at net.bytebuddy.dynamic.loading.ClassInjector$UsingReflection$Dispatcher$UsingUnsafeInjection.defineClass(ClassInjector.java:1041)
	at net.bytebuddy.dynamic.loading.ClassInjector$UsingReflection.injectRaw(ClassInjector.java:284)
	at net.bytebuddy.dynamic.loading.ClassInjector$AbstractBase.inject(ClassInjector.java:118)
	at net.bytebuddy.dynamic.loading.ClassLoadingStrategy$Default$InjectionDispatcher.load(ClassLoadingStrategy.java:241)
	at net.bytebuddy.dynamic.TypeResolutionStrategy$Passive.initialize(TypeResolutionStrategy.java:101)
	at net.bytebuddy.dynamic.DynamicType$Default$Unloaded.load(DynamicType.java:6325)
	at org.mockito.internal.creation.bytebuddy.SubclassBytecodeGenerator.mockClass(SubclassBytecodeGenerator.java:297)
	at org.mockito.internal.creation.bytebuddy.TypeCachingBytecodeGenerator.lambda$mockClass$0(TypeCachingBytecodeGenerator.java:78)
	at net.bytebuddy.TypeCache.findOrInsert(TypeCache.java:168)
	at net.bytebuddy.TypeCache$WithInlineExpunction.findOrInsert(TypeCache.java:399)
	at net.bytebuddy.TypeCache.findOrInsert(TypeCache.java:190)
	at net.bytebuddy.TypeCache$WithInlineExpunction.findOrInsert(TypeCache.java:410)
	at org.mockito.internal.creation.bytebuddy.TypeCachingBytecodeGenerator.mockClass(TypeCachingBytecodeGenerator.java:75)
	at org.mockito.internal.creation.bytebuddy.InlineBytecodeGenerator.mockClass(InlineBytecodeGenerator.java:221)
	at org.mockito.internal.creation.bytebuddy.TypeCachingBytecodeGenerator.lambda$mockClass$0(TypeCachingBytecodeGenerator.java:78)
	at net.bytebuddy.TypeCache.findOrInsert(TypeCache.java:168)
	at net.bytebuddy.TypeCache$WithInlineExpunction.findOrInsert(TypeCache.java:399)
	at net.bytebuddy.TypeCache.findOrInsert(TypeCache.java:190)
	at net.bytebuddy.TypeCache$WithInlineExpunction.findOrInsert(TypeCache.java:410)
	at org.mockito.internal.creation.bytebuddy.TypeCachingBytecodeGenerator.mockClass(TypeCachingBytecodeGenerator.java:75)
	at org.mockito.internal.creation.bytebuddy.InlineDelegateByteBuddyMockMaker.createMockType(InlineDelegateByteBuddyMockMaker.java:414)
	at org.mockito.internal.creation.bytebuddy.InlineDelegateByteBuddyMockMaker.doCreateMock(InlineDelegateByteBuddyMockMaker.java:373)
	at org.mockito.internal.creation.bytebuddy.InlineDelegateByteBuddyMockMaker.createMock(InlineDelegateByteBuddyMockMaker.java:352)
	at org.mockito.internal.creation.bytebuddy.InlineByteBuddyMockMaker.createMock(InlineByteBuddyMockMaker.java:56)
	at org.mockito.internal.util.MockUtil.createMock(MockUtil.java:99)
	at org.mockito.internal.MockitoCore.mock(MockitoCore.java:84)
	at org.mockito.Mockito.mock(Mockito.java:2104)
	at org.springframework.boot.test.mock.mockito.MockDefinition.createMock(MockDefinition.java:158)
	at org.springframework.boot.test.mock.mockito.MockitoPostProcessor.registerMock(MockitoPostProcessor.java:185)
	at org.springframework.boot.test.mock.mockito.MockitoPostProcessor.register(MockitoPostProcessor.java:167)
	at org.springframework.boot.test.mock.mockito.MockitoPostProcessor.postProcessBeanFactory(MockitoPostProcessor.java:141)
	at org.springframework.boot.test.mock.mockito.MockitoPostProcessor.postProcessBeanFactory(MockitoPostProcessor.java:129)
	at org.springframework.context.support.PostProcessorRegistrationDelegate.invokeBeanFactoryPostProcessors(PostProcessorRegistrationDelegate.java:363)
	at org.springframework.context.support.PostProcessorRegistrationDelegate.invokeBeanFactoryPostProcessors(PostProcessorRegistrationDelegate.java:197)
	at org.springframework.context.support.AbstractApplicationContext.invokeBeanFactoryPostProcessors(AbstractApplicationContext.java:788)
	at org.springframework.context.support.AbstractApplicationContext.refresh(AbstractApplicationContext.java:606)
	at org.springframework.boot.SpringApplication.refresh(SpringApplication.java:754)
	at org.springframework.boot.SpringApplication.refreshContext(SpringApplication.java:456)
	at org.springframework.boot.SpringApplication.run(SpringApplication.java:335)
	at org.springframework.boot.test.context.SpringBootContextLoader.lambda$loadContext$3(SpringBootContextLoader.java:137)
	at org.springframework.util.function.ThrowingSupplier.get(ThrowingSupplier.java:58)
	at org.springframework.util.function.ThrowingSupplier.get(ThrowingSupplier.java:46)
	at org.springframework.boot.SpringApplication.withHook(SpringApplication.java:1463)
	at org.springframework.boot.test.context.SpringBootContextLoader$ContextLoaderHook.run(SpringBootContextLoader.java:553)
	at org.springframework.boot.test.context.SpringBootContextLoader.loadContext(SpringBootContextLoader.java:137)
	at org.springframework.boot.test.context.SpringBootContextLoader.loadContext(SpringBootContextLoader.java:108)
	at org.springframework.test.context.cache.DefaultCacheAwareContextLoaderDelegate.loadContextInternal(DefaultCacheAwareContextLoaderDelegate.java:225)
	at org.springframework.test.context.cache.DefaultCacheAwareContextLoaderDelegate.loadContext(DefaultCacheAwareContextLoaderDelegate.java:152)
	at org.springframework.test.context.support.DefaultTestContext.getApplicationContext(DefaultTestContext.java:130)
	at org.springframework.boot.test.mock.mockito.MockitoTestExecutionListener.postProcessFields(MockitoTestExecutionListener.java:122)
	at org.springframework.boot.test.mock.mockito.MockitoTestExecutionListener.injectFields(MockitoTestExecutionListener.java:106)
	at org.springframework.boot.test.mock.mockito.MockitoTestExecutionListener.prepareTestInstance(MockitoTestExecutionListener.java:63)
	at org.springframework.test.context.TestContextManager.prepareTestInstance(TestContextManager.java:260)
	at org.springframework.test.context.junit.jupiter.SpringExtension.postProcessTestInstance(SpringExtension.java:163)
	at org.junit.jupiter.engine.descriptor.ClassBasedTestDescriptor.lambda$invokeTestInstancePostProcessors$10(ClassBasedTestDescriptor.java:378)
	at org.junit.jupiter.engine.descriptor.ClassBasedTestDescriptor.executeAndMaskThrowable(ClassBasedTestDescriptor.java:383)
	at org.junit.jupiter.engine.descriptor.ClassBasedTestDescriptor.lambda$invokeTestInstancePostProcessors$11(ClassBasedTestDescriptor.java:378)
	at java.base/java.util.stream.ReferencePipeline$3$1.accept(ReferencePipeline.java:215)
	at java.base/java.util.stream.ReferencePipeline$2$1.accept(ReferencePipeline.java:197)
	at java.base/java.util.ArrayList$ArrayListSpliterator.forEachRemaining(ArrayList.java:1709)
	at java.base/java.util.stream.AbstractPipeline.copyInto(AbstractPipeline.java:570)
	at java.base/java.util.stream.AbstractPipeline.wrapAndCopyInto(AbstractPipeline.java:560)
	at java.base/java.util.stream.StreamSpliterators$WrappingSpliterator.forEachRemaining(StreamSpliterators.java:315)
	at java.base/java.util.stream.Streams$ConcatSpliterator.forEachRemaining(Streams.java:735)
	at java.base/java.util.stream.Streams$ConcatSpliterator.forEachRemaining(Streams.java:734)
	at java.base/java.util.stream.ReferencePipeline$Head.forEach(ReferencePipeline.java:807)
	at org.junit.jupiter.engine.descriptor.ClassBasedTestDescriptor.invokeTestInstancePostProcessors(ClassBasedTestDescriptor.java:377)
	at org.junit.jupiter.engine.descriptor.ClassBasedTestDescriptor.lambda$instantiateAndPostProcessTestInstance$6(ClassBasedTestDescriptor.java:290)
	at org.junit.platform.engine.support.hierarchical.ThrowableCollector.execute(ThrowableCollector.java:73)
	at org.junit.jupiter.engine.descriptor.ClassBasedTestDescriptor.instantiateAndPostProcessTestInstance(ClassBasedTestDescriptor.java:289)
	at org.junit.jupiter.engine.descriptor.ClassBasedTestDescriptor.lambda$testInstancesProvider$4(ClassBasedTestDescriptor.java:279)
	at java.base/java.util.Optional.orElseGet(Optional.java:364)
	at org.junit.jupiter.engine.descriptor.ClassBasedTestDescriptor.lambda$testInstancesProvider$5(ClassBasedTestDescriptor.java:278)
	at org.junit.jupiter.engine.execution.TestInstancesProvider.getTestInstances(TestInstancesProvider.java:31)
	at org.junit.jupiter.engine.descriptor.TestMethodTestDescriptor.lambda$prepare$0(TestMethodTestDescriptor.java:106)
	at org.junit.platform.engine.support.hierarchical.ThrowableCollector.execute(ThrowableCollector.java:73)
	at org.junit.jupiter.engine.descriptor.TestMethodTestDescriptor.prepare(TestMethodTestDescriptor.java:105)
	at org.junit.jupiter.engine.descriptor.TestMethodTestDescriptor.prepare(TestMethodTestDescriptor.java:69)
	at org.junit.platform.engine.support.hierarchical.NodeTestTask.lambda$prepare$2(NodeTestTask.java:123)
	at org.junit.platform.engine.support.hierarchical.ThrowableCollector.execute(ThrowableCollector.java:73)
	at org.junit.platform.engine.support.hierarchical.NodeTestTask.prepare(NodeTestTask.java:123)
	at org.junit.platform.engine.support.hierarchical.NodeTestTask.execute(NodeTestTask.java:90)
	at java.base/java.util.ArrayList.forEach(ArrayList.java:1597)
	at org.junit.platform.engine.support.hierarchical.SameThreadHierarchicalTestExecutorService.invokeAll(SameThreadHierarchicalTestExecutorService.java:41)
	at org.junit.platform.engine.support.hierarchical.NodeTestTask.lambda$executeRecursively$6(NodeTestTask.java:155)
	at org.junit.platform.engine.support.hierarchical.ThrowableCollector.execute(ThrowableCollector.java:73)
	at org.junit.platform.engine.support.hierarchical.NodeTestTask.lambda$executeRecursively$8(NodeTestTask.java:141)
	at org.junit.platform.engine.support.hierarchical.Node.around(Node.java:137)
	at org.junit.platform.engine.support.hierarchical.NodeTestTask.lambda$executeRecursively$9(NodeTestTask.java:139)
	at org.junit.platform.engine.support.hierarchical.ThrowableCollector.execute(ThrowableCollector.java:73)
	at org.junit.platform.engine.support.hierarchical.NodeTestTask.executeRecursively(NodeTestTask.java:138)
	at org.junit.platform.engine.support.hierarchical.NodeTestTask.execute(NodeTestTask.java:95)
	at java.base/java.util.ArrayList.forEach(ArrayList.java:1597)
	at org.junit.platform.engine.support.hierarchical.SameThreadHierarchicalTestExecutorService.invokeAll(SameThreadHierarchicalTestExecutorService.java:41)
	at org.junit.platform.engine.support.hierarchical.NodeTestTask.lambda$executeRecursively$6(NodeTestTask.java:155)
	at org.junit.platform.engine.support.hierarchical.ThrowableCollector.execute(ThrowableCollector.java:73)
	at org.junit.platform.engine.support.hierarchical.NodeTestTask.lambda$executeRecursively$8(NodeTestTask.java:141)
	at org.junit.platform.engine.support.hierarchical.Node.around(Node.java:137)
	at org.junit.platform.engine.support.hierarchical.NodeTestTask.lambda$executeRecursively$9(NodeTestTask.java:139)
	at org.junit.platform.engine.support.hierarchical.ThrowableCollector.execute(ThrowableCollector.java:73)
	at org.junit.platform.engine.support.hierarchical.NodeTestTask.executeRecursively(NodeTestTask.java:138)
	at org.junit.platform.engine.support.hierarchical.NodeTestTask.execute(NodeTestTask.java:95)
	at org.junit.platform.engine.support.hierarchical.SameThreadHierarchicalTestExecutorService.submit(SameThreadHierarchicalTestExecutorService.java:35)
	at org.junit.platform.engine.support.hierarchical.HierarchicalTestExecutor.execute(HierarchicalTestExecutor.java:57)
	at org.junit.platform.engine.support.hierarchical.HierarchicalTestEngine.execute(HierarchicalTestEngine.java:54)
	at org.junit.platform.launcher.core.EngineExecutionOrchestrator.execute(EngineExecutionOrchestrator.java:198)
	at org.junit.platform.launcher.core.EngineExecutionOrchestrator.execute(EngineExecutionOrchestrator.java:169)
	at org.junit.platform.launcher.core.EngineExecutionOrchestrator.execute(EngineExecutionOrchestrator.java:93)
	at org.junit.platform.launcher.core.EngineExecutionOrchestrator.lambda$execute$0(EngineExecutionOrchestrator.java:58)
	at org.junit.platform.launcher.core.EngineExecutionOrchestrator.withInterceptedStreams(EngineExecutionOrchestrator.java:141)
	at org.junit.platform.launcher.core.EngineExecutionOrchestrator.execute(EngineExecutionOrchestrator.java:57)
	at org.junit.platform.launcher.core.DefaultLauncher.execute(DefaultLauncher.java:103)
	at org.junit.platform.launcher.core.DefaultLauncher.execute(DefaultLauncher.java:85)
	at org.junit.platform.launcher.core.DelegatingLauncher.execute(DelegatingLauncher.java:47)
	at org.apache.maven.surefire.junitplatform.LazyLauncher.execute(LazyLauncher.java:50)
	at org.apache.maven.surefire.junitplatform.JUnitPlatformProvider.execute(JUnitPlatformProvider.java:184)
	at org.apache.maven.surefire.junitplatform.JUnitPlatformProvider.invokeAllTests(JUnitPlatformProvider.java:148)
	at org.apache.maven.surefire.junitplatform.JUnitPlatformProvider.invoke(JUnitPlatformProvider.java:122)
	at org.apache.maven.surefire.booter.ForkedBooter.runSuitesInProcess(ForkedBooter.java:385)
	at org.apache.maven.surefire.booter.ForkedBooter.execute(ForkedBooter.java:162)
	at org.apache.maven.surefire.booter.ForkedBooter.run(ForkedBooter.java:507)
	at org.apache.maven.surefire.booter.ForkedBooter.main(ForkedBooter.java:495)
Caused by: java.io.IOException: Error while instrumenting com/nhnacademy/taskapi/image/service/ImageService$MockitoMock$OsGVK1XV$auxiliary$7WboJt21 with JaCoCo 0.8.9.202303310957/c0ad781.
	at org.jacoco.agent.rt.internal_4481564.core.instr.Instrumenter.instrumentError(Instrumenter.java:161)
	at org.jacoco.agent.rt.internal_4481564.core.instr.Instrumenter.instrument(Instrumenter.java:111)
	at org.jacoco.agent.rt.internal_4481564.CoverageTransformer.transform(CoverageTransformer.java:92)
	... 130 more
Caused by: java.lang.IllegalArgumentException: Unsupported class file major version 67
	at org.jacoco.agent.rt.internal_4481564.asm.ClassReader.<init>(ClassReader.java:199)
	at org.jacoco.agent.rt.internal_4481564.asm.ClassReader.<init>(ClassReader.java:180)
	at org.jacoco.agent.rt.internal_4481564.asm.ClassReader.<init>(ClassReader.java:166)
	at org.jacoco.agent.rt.internal_4481564.core.internal.instr.InstrSupport.classReaderFor(InstrSupport.java:280)
	at org.jacoco.agent.rt.internal_4481564.core.instr.Instrumenter.instrument(Instrumenter.java:77)
	at org.jacoco.agent.rt.internal_4481564.core.instr.Instrumenter.instrument(Instrumenter.java:109)
	... 131 more
]]></system-err>
  </testcase>
  <testcase name="deleteImage_Success" classname="com.nhnacademy.taskapi.image.controller.ImageControllerTest" time="0.002"/>
  <testcase name="uploadImage_Success" classname="com.nhnacademy.taskapi.image.controller.ImageControllerTest" time="0.008"/>
  <testcase name="testUploadImageEmptyFile" classname="com.nhnacademy.taskapi.image.controller.ImageControllerTest" time="0.001"/>
</testsuite>